#2 /usr/local/nginx/html/php_project/fjj_erp/vendor/yiisoft/yii2/db/Connection.php(861): yii\db\Connection->open()
#3 /usr/local/nginx/html/php_project/fjj_erp/vendor/yiisoft/yii2/db/Connection.php(848): yii\db\Connection->getMasterPdo()
#4 /usr/local/nginx/html/php_project/fjj_erp/vendor/yiisoft/yii2/db/Command.php(219): yii\db\Connection->getSlavePdo()
#5 /usr/local/nginx/html/php_project/fjj_erp/vendor/yiisoft/yii2/db/Command.php(894): yii\db\Command->prepare('<span class="ke...')
#6 /usr/local/nginx/html/php_project/fjj_erp/vendor/yiisoft/yii2/db/Command.php(362): yii\db\Command->queryInternal('<span class="st...', '<span class="ke...')
#7 /usr/local/nginx/html/php_project/fjj_erp/vendor/yiisoft/yii2/db/Query.php(210): yii\db\Command->queryAll()
#8 /usr/local/nginx/html/php_project/fjj_erp/vendor/yiisoft/yii2/db/ActiveQuery.php(133): yii\db\Query->all('<span class="ke...')
#9 /usr/local/nginx/html/php_project/fjj_erp/controllers/IndexController.php(217): yii\db\ActiveQuery->all()
#10 /usr/local/nginx/html/php_project/fjj_erp/controllers/IndexController.php(33): app\controllers\IndexController->getFunctions()
#11 [internal function]: app\controllers\IndexController->actionIndex()
#12 /usr/local/nginx/html/php_project/fjj_erp/vendor/yiisoft/yii2/base/InlineAction.php(55): call_user_func_array('[<span class="t...', '[]')
#13 /usr/local/nginx/html/php_project/fjj_erp/vendor/yiisoft/yii2/base/Controller.php(168): yii\base\InlineAction->runWithParams('[]')
#14 /usr/local/nginx/html/php_project/fjj_erp/vendor/yiisoft/yii2/base/Module.php(454): yii\base\Controller->runAction('<span class="st...', '[]')
#15 /usr/local/nginx/html/php_project/fjj_erp/vendor/yiisoft/yii2/web/Application.php(86): yii\base\Module->runAction('<span class="st...', '[]')
#16 /usr/local/nginx/html/php_project/fjj_erp/vendor/yiisoft/yii2/base/Application.php(375): yii\web\Application->handleRequest(Object(yii\web\Request))
#17 /usr/local/nginx/html/php_project/fjj_erp/web/index.php(54): yii\base\Application->run()
#18 {main}

Next exception 'yii\db\Exception' with message 'SQLSTATE[HY000] [2002] Connection timed out' in /usr/local/nginx/html/php_project/fjj_erp/vendor/yiisoft/yii2/db/Connection.php:547
Stack trace:
#0 /usr/local/nginx/html/php_project/fjj_erp/vendor/yiisoft/yii2/db/Connection.php(861): yii\db\Connection->open()
#1 /usr/local/nginx/html/php_project/fjj_erp/vendor/yiisoft/yii2/db/Connection.php(848): yii\db\Connection->getMasterPdo()
#2 /usr/local/nginx/html/php_project/fjj_erp/vendor/yiisoft/yii2/db/Command.php(219): yii\db\Connection->getSlavePdo()
#3 /usr/local/nginx/html/php_project/fjj_erp/vendor/yiisoft/yii2/db/Command.php(894): yii\db\Command->prepare('<span class="ke...')
#4 /usr/local/nginx/html/php_project/fjj_erp/vendor/yiisoft/yii2/db/Command.php(362): yii\db\Command->queryInternal('<span class="st...', '<span class="ke...')
#5 /usr/local/nginx/html/php_project/fjj_erp/vendor/yiisoft/yii2/db/Query.php(210): yii\db\Command->queryAll()
#6 /usr/local/nginx/html/php_project/fjj_erp/vendor/yiisoft/yii2/db/ActiveQuery.php(133): yii\db\Query->all('<span class="ke...')
#7 /usr/local/nginx/html/php_project/fjj_erp/controllers/IndexController.php(217): yii\db\ActiveQuery->all()
#8 /usr/local/nginx/html/php_project/fjj_erp/controllers/IndexController.php(33): app\controllers\IndexController->getFunctions()
#9 [internal function]: app\controllers\IndexController->actionIndex()
#10 /usr/local/nginx/html/php_project/fjj_erp/vendor/yiisoft/yii2/base/InlineAction.php(55): call_user_func_array('[<span class="t...', '[]')
#11 /usr/local/nginx/html/php_project/fjj_erp/vendor/yiisoft/yii2/base/Controller.php(168): yii\base\InlineAction->runWithParams('[]')
#12 /usr/local/nginx/html/php_project/fjj_erp/vendor/yiisoft/yii2/base/Module.php(454): yii\base\Controller->runAction('<span class="st...', '[]')
#13 /usr/local/nginx/html/php_project/fjj_erp/vendor/yiisoft/yii2/web/Application.php(86): yii\base\Module->runAction('<span class="st...', '[]')
#14 /usr/local/nginx/html/php_project/fjj_erp/vendor/yiisoft/yii2/base/Application.php(375): yii\web\Application->handleRequest(Object(yii\web\Request))
#15 /usr/local/nginx/html/php_project/fjj_erp/web/index.php(54): yii\base\Application->run()
#16 {main}
Additional Information:

2018-09-24 07:40:37 [172.21.0.1][-][-][info][application] $_SERVER = [
    'USER' => 'nobody'
    'HOME' => '/'
    'FCGI_ROLE' => 'RESPONDER'
    'SCRIPT_FILENAME' => '/usr/local/nginx/html/php_project/fjj_erp/web/index.php'
    'QUERY_STRING' => ''
    'REQUEST_METHOD' => 'GET'
    'CONTENT_TYPE' => ''
    'CONTENT_LENGTH' => ''
    'SCRIPT_NAME' => '/php_project/fjj_erp/web/index.php'
    'REQUEST_URI' => '/php_project/fjj_erp/web/'
    'DOCUMENT_URI' => '/php_project/fjj_erp/web/index.php'
    'DOCUMENT_ROOT' => '/usr/local/nginx/html'
    'SERVER_PROTOCOL' => 'HTTP/1.1'
    'REQUEST_SCHEME' => 'http'
    'GATEWAY_INTERFACE' => 'CGI/1.1'
    'SERVER_SOFTWARE' => 'nginx/1.14.0'
    'REMOTE_ADDR' => '172.21.0.1'
    'REMOTE_PORT' => '33818'
    'SERVER_ADDR' => '172.21.0.4'
    'SERVER_PORT' => '80'
    'SERVER_NAME' => 'localhost'
    'REDIRECT_STATUS' => '200'
    'HTTP_HOST' => '127.0.0.1'
    'HTTP_CONNECTION' => 'keep-alive'
    'HTTP_PRAGMA' => 'no-cache'
    'HTTP_CACHE_CONTROL' => 'no-cache'
    'HTTP_UPGRADE_INSECURE_REQUESTS' => '1'
    'HTTP_USER_AGENT' => 'Mozilla/5.0 (X11; Linux x86_64) AppleWebKit/537.36 (KHTML, like Gecko) Chrome/69.0.3497.100 Safari/537.36'
    'HTTP_ACCEPT' => 'text/html,application/xhtml+xml,application/xml;q=0.9,image/webp,image/apng,*/*;q=0.8'
    'HTTP_REFERER' => 'http://127.0.0.1/php_project/fjj_erp/'
    'HTTP_ACCEPT_ENCODING' => 'gzip, deflate, br'
    'HTTP_ACCEPT_LANGUAGE' => 'en-US,en;q=0.9,zh-CN;q=0.8,zh;q=0.7'
    'PHP_SELF' => '/php_project/fjj_erp/web/index.php'
    'REQUEST_TIME_FLOAT' => 1537774837.1309
    'REQUEST_TIME' => 1537774837
]
2018-09-24 07:46:40 [172.21.0.1][-][-][info][yii\db\Command::query] SELECT * FROM `auth_title`
    in /usr/local/nginx/html/php_project/fjj_erp/controllers/IndexController.php:217
    in /usr/local/nginx/html/php_project/fjj_erp/controllers/IndexController.php:33
2018-09-24 07:46:40 [172.21.0.1][-][-][info][yii\db\Connection::open] Opening DB connection: mysql:host=mysqld;dbname=erp
    in /usr/local/nginx/html/php_project/fjj_erp/controllers/IndexController.php:217
    in /usr/local/nginx/html/php_project/fjj_erp/controllers/IndexController.php:33
2018-09-24 07:46:40 [172.21.0.1][-][-][info][yii\db\Command::query] SELECT * FROM `auth_title`
    in /usr/local/nginx/html/php_project/fjj_erp/controllers/IndexController.php:217
    in /usr/local/nginx/html/php_project/fjj_erp/controllers/IndexController.php:269
    in /usr/local/nginx/html/php_project/fjj_erp/controllers/IndexController.php:34
2018-09-24 07:46:40 [172.21.0.1][-][-][info][application] $_COOKIE = [
    '_csrf' => '6fceb5beb5b86803b28e73ed99fdde1425a41a477ee0b74b1599ca375794ca19a:2:{i:0;s:5:\"_csrf\";i:1;s:32:\"IEJMAMmwUj03JrMIBrTnvimE9gFvVmwd\";}'
]

$_SERVER = [
    'USER' => 'nobody'
    'HOME' => '/'
    'FCGI_ROLE' => 'RESPONDER'
    'SCRIPT_FILENAME' => '/usr/local/nginx/html/php_project/fjj_erp/web/index.php'
    'QUERY_STRING' => ''
    'REQUEST_METHOD' => 'GET'
    'CONTENT_TYPE' => ''
    'CONTENT_LENGTH' => ''
    'SCRIPT_NAME' => '/php_project/fjj_erp/web/index.php'
    'REQUEST_URI' => '/php_project/fjj_erp/web/'
    'DOCUMENT_URI' => '/php_project/fjj_erp/web/index.php'
    'DOCUMENT_ROOT' => '/usr/local/nginx/html'
    'SERVER_PROTOCOL' => 'HTTP/1.1'
    'REQUEST_SCHEME' => 'http'
    'GATEWAY_INTERFACE' => 'CGI/1.1'
    'SERVER_SOFTWARE' => 'nginx/1.14.0'
    'REMOTE_ADDR' => '172.21.0.1'
    'REMOTE_PORT' => '36954'
    'SERVER_ADDR' => '172.21.0.4'
    'SERVER_PORT' => '80'
    'SERVER_NAME' => 'localhost'
    'REDIRECT_STATUS' => '200'
    'HTTP_HOST' => '127.0.0.1'
    'HTTP_CONNECTION' => 'keep-alive'
    'HTTP_PRAGMA' => 'no-cache'
    'HTTP_CACHE_CONTROL' => 'no-cache'
    'HTTP_UPGRADE_INSECURE_REQUESTS' => '1'
    'HTTP_USER_AGENT' => 'Mozilla/5.0 (X11; Linux x86_64) AppleWebKit/537.36 (KHTML, like Gecko) Chrome/69.0.3497.100 Safari/537.36'
    'HTTP_ACCEPT' => 'text/html,application/xhtml+xml,application/xml;q=0.9,image/webp,image/apng,*/*;q=0.8'
    'HTTP_ACCEPT_ENCODING' => 'gzip, deflate, br'
    'HTTP_ACCEPT_LANGUAGE' => 'en-US,en;q=0.9,zh-CN;q=0.8,zh;q=0.7'
    'HTTP_COOKIE' => '_csrf=6fceb5beb5b86803b28e73ed99fdde1425a41a477ee0b74b1599ca375794ca19a%3A2%3A%7Bi%3A0%3Bs%3A5%3A%22_csrf%22%3Bi%3A1%3Bs%3A32%3A%22IEJMAMmwUj03JrMIBrTnvimE9gFvVmwd%22%3B%7D'
    'PHP_SELF' => '/php_project/fjj_erp/web/index.php'
    'REQUEST_TIME_FLOAT' => 1537775200.516
    'REQUEST_TIME' => 1537775200
]
2018-09-24 09:01:27 [172.21.0.1][-][-][error][yii\web\HttpException:404] exception 'yii\base\InvalidRouteException' with message 'Unable to resolve the request "php_project/fjj_erp/web/login/login".' in /usr/local/nginx/html/php_project/fjj_erp/vendor/yiisoft/yii2/base/Module.php:460
Stack trace:
#0 /usr/local/nginx/html/php_project/fjj_erp/vendor/yiisoft/yii2/web/Application.php(86): yii\base\Module->runAction('php_project/fjj...', Array)
#1 /usr/local/nginx/html/php_project/fjj_erp/vendor/yiisoft/yii2/base/Application.php(375): yii\web\Application->handleRequest(Object(yii\web\Request))
#2 /usr/local/nginx/html/php_project/fjj_erp/web/index.php(54): yii\base\Application->run()
#3 {main}

Next exception 'yii\web\NotFoundHttpException' with message '页面未找到。' in /usr/local/nginx/html/php_project/fjj_erp/vendor/yiisoft/yii2/web/Application.php:98
Stack trace:
#0 /usr/local/nginx/html/php_project/fjj_erp/vendor/yiisoft/yii2/base/Application.php(375): yii\web\Application->handleRequest(Object(yii\web\Request))
#1 /usr/local/nginx/html/php_project/fjj_erp/web/index.php(54): yii\base\Application->run()
#2 {main}
2018-09-24 09:01:27 [172.21.0.1][-][-][info][application] $_COOKIE = [
    '_csrf' => '6fceb5beb5b86803b28e73ed99fdde1425a41a477ee0b74b1599ca375794ca19a:2:{i:0;s:5:\"_csrf\";i:1;s:32:\"IEJMAMmwUj03JrMIBrTnvimE9gFvVmwd\";}'
]

$_SERVER = [
    'USER' => 'nobody'
    'HOME' => '/'
    'FCGI_ROLE' => 'RESPONDER'
    'SCRIPT_FILENAME' => '/usr/local/nginx/html/php_project/fjj_erp/web/index.php'
    'PATH_INFO' => '/php_project/fjj_erp/web/login/login'
    'QUERY_STRING' => ''
    'REQUEST_METHOD' => 'GET'
    'CONTENT_TYPE' => ''
    'CONTENT_LENGTH' => ''
    'SCRIPT_NAME' => '/index.php'
    'REQUEST_URI' => '/php_project/fjj_erp/web/login/login'
    'DOCUMENT_URI' => '/index.php/php_project/fjj_erp/web/login/login'
    'DOCUMENT_ROOT' => '/usr/local/nginx/html/php_project/fjj_erp/web'
    'SERVER_PROTOCOL' => 'HTTP/1.1'
    'REQUEST_SCHEME' => 'http'
    'GATEWAY_INTERFACE' => 'CGI/1.1'
    'SERVER_SOFTWARE' => 'nginx/1.14.0'
    'REMOTE_ADDR' => '172.21.0.1'
    'REMOTE_PORT' => '46956'
    'SERVER_ADDR' => '172.21.0.4'
    'SERVER_PORT' => '80'
    'SERVER_NAME' => 'localhost'
    'REDIRECT_STATUS' => '200'
    'HTTP_HOST' => '127.0.0.1'
    'HTTP_CONNECTION' => 'keep-alive'
    'HTTP_PRAGMA' => 'no-cache'
    'HTTP_CACHE_CONTROL' => 'no-cache'
    'HTTP_UPGRADE_INSECURE_REQUESTS' => '1'
    'HTTP_USER_AGENT' => 'Mozilla/5.0 (X11; Linux x86_64) AppleWebKit/537.36 (KHTML, like Gecko) Chrome/69.0.3497.100 Safari/537.36'
    'HTTP_ACCEPT' => 'text/html,application/xhtml+xml,application/xml;q=0.9,image/webp,image/apng,*/*;q=0.8'
    'HTTP_REFERER' => 'http://127.0.0.1/php_project/fjj_erp/web/index.php?r=login/login'
    'HTTP_ACCEPT_ENCODING' => 'gzip, deflate, br'
    'HTTP_ACCEPT_LANGUAGE' => 'en-US,en;q=0.9,zh-CN;q=0.8,zh;q=0.7'
    'HTTP_COOKIE' => '_csrf=6fceb5beb5b86803b28e73ed99fdde1425a41a477ee0b74b1599ca375794ca19a%3A2%3A%7Bi%3A0%3Bs%3A5%3A%22_csrf%22%3Bi%3A1%3Bs%3A32%3A%22IEJMAMmwUj03JrMIBrTnvimE9gFvVmwd%22%3B%7D'
    'PHP_SELF' => '/index.php/php_project/fjj_erp/web/login/login'
    'REQUEST_TIME_FLOAT' => 1537779687.0453
    'REQUEST_TIME' => 1537779687
]
2018-09-24 09:01:27 [172.21.0.1][-][-][error][yii\base\InvalidConfigException] exception 'yii\base\InvalidConfigException' with message 'Either GD PHP extension with FreeType support or ImageMagick PHP extension with PNG support is required.' in /usr/local/nginx/html/php_project/fjj_erp/vendor/yiisoft/yii2/captcha/Captcha.php:179
Stack trace:
#0 /usr/local/nginx/html/php_project/fjj_erp/vendor/yiisoft/yii2/captcha/Captcha.php(94): yii\captcha\Captcha::checkRequirements()
#1 /usr/local/nginx/html/php_project/fjj_erp/vendor/yiisoft/yii2/base/Object.php(107): yii\captcha\Captcha->init()
#2 [internal function]: yii\base\Object->__construct(Array)
#3 /usr/local/nginx/html/php_project/fjj_erp/vendor/yiisoft/yii2/di/Container.php(384): ReflectionClass->newInstanceArgs(Array)
#4 /usr/local/nginx/html/php_project/fjj_erp/vendor/yiisoft/yii2/di/Container.php(163): yii\di\Container->build('yii\\captcha\\Cap...', Array, Array)
#5 /usr/local/nginx/html/php_project/fjj_erp/vendor/yiisoft/yii2/BaseYii.php(353): yii\di\Container->get('yii\\captcha\\Cap...', Array, Array)
#6 /usr/local/nginx/html/php_project/fjj_erp/vendor/yiisoft/yii2/base/Widget.php(103): yii\BaseYii::createObject(Array)
#7 /usr/local/nginx/html/php_project/fjj_erp/vendor/yiisoft/yii2/widgets/ActiveField.php(673): yii\base\Widget::widget(Array)
#8 /usr/local/nginx/html/php_project/fjj_erp/views/login/login.php(70): yii\widgets\ActiveField->widget('yii\\captcha\\Cap...', Array)
#9 /usr/local/nginx/html/php_project/fjj_erp/vendor/yiisoft/yii2/base/View.php(325): require('/usr/local/ngin...')
#10 /usr/local/nginx/html/php_project/fjj_erp/vendor/yiisoft/yii2/base/View.php(247): yii\base\View->renderPhpFile('/usr/local/ngin...', Array)
#11 /usr/local/nginx/html/php_project/fjj_erp/vendor/yiisoft/yii2/base/View.php(149): yii\base\View->renderFile('/usr/local/ngin...', Array, Object(app\controllers\LoginController))
#12 /usr/local/nginx/html/php_project/fjj_erp/vendor/yiisoft/yii2/base/Controller.php(430): yii\base\View->render('login', Array, Object(app\controllers\LoginController))
#13 /usr/local/nginx/html/php_project/fjj_erp/controllers/LoginController.php(48): yii\base\Controller->renderPartial('login', Array)
#14 [internal function]: app\controllers\LoginController->actionLogin()
#15 /usr/local/nginx/html/php_project/fjj_erp/vendor/yiisoft/yii2/base/InlineAction.php(55): call_user_func_array(Array, Array)
#16 /usr/local/nginx/html/php_project/fjj_erp/vendor/yiisoft/yii2/base/Controller.php(168): yii\base\InlineAction->runWithParams(Array)
#17 /usr/local/nginx/html/php_project/fjj_erp/vendor/yiisoft/yii2/base/Module.php(454): yii\base\Controller->runAction('login', Array)
#18 /usr/local/nginx/html/php_project/fjj_erp/vendor/yiisoft/yii2/web/Application.php(86): yii\base\Module->runAction('login/login', Array)
#19 /usr/local/nginx/html/php_project/fjj_erp/vendor/yiisoft/yii2/base/Application.php(375): yii\web\Application->handleRequest(Object(yii\web\Request))
#20 /usr/local/nginx/html/php_project/fjj_erp/web/index.php(54): yii\base\Application->run()
#21 {main}
2018-09-24 09:01:27 [172.21.0.1][-][-][info][application] $_COOKIE = [
    '_csrf' => '6fceb5beb5b86803b28e73ed99fdde1425a41a477ee0b74b1599ca375794ca19a:2:{i:0;s:5:\"_csrf\";i:1;s:32:\"IEJMAMmwUj03JrMIBrTnvimE9gFvVmwd\";}'
]

$_SERVER = [
    'USER' => 'nobody'
    'HOME' => '/'
    'FCGI_ROLE' => 'RESPONDER'
    'SCRIPT_FILENAME' => '/usr/local/nginx/html/php_project/fjj_erp/web/index.php'
    'PATH_INFO' => '/login/login'
    'QUERY_STRING' => ''
    'REQUEST_METHOD' => 'GET'
    'CONTENT_TYPE' => ''
    'CONTENT_LENGTH' => ''
    'SCRIPT_NAME' => '/index.php'
    'REQUEST_URI' => '/login/login'
    'DOCUMENT_URI' => '/index.php/login/login'
    'DOCUMENT_ROOT' => '/usr/local/nginx/html/php_project/fjj_erp/web'
    'SERVER_PROTOCOL' => 'HTTP/1.1'
    'REQUEST_SCHEME' => 'http'
    'GATEWAY_INTERFACE' => 'CGI/1.1'
    'SERVER_SOFTWARE' => 'nginx/1.14.0'
    'REMOTE_ADDR' => '172.21.0.1'
    'REMOTE_PORT' => '46956'
    'SERVER_ADDR' => '172.21.0.4'
    'SERVER_PORT' => '80'
    'SERVER_NAME' => 'localhost'
    'REDIRECT_STATUS' => '200'
    'HTTP_HOST' => '127.0.0.1'
    'HTTP_CONNECTION' => 'keep-alive'
    'HTTP_PRAGMA' => 'no-cache'
    'HTTP_CACHE_CONTROL' => 'no-cache'
    'HTTP_UPGRADE_INSECURE_REQUESTS' => '1'
    'HTTP_USER_AGENT' => 'Mozilla/5.0 (X11; Linux x86_64) AppleWebKit/537.36 (KHTML, like Gecko) Chrome/69.0.3497.100 Safari/537.36'
    'HTTP_ACCEPT' => 'text/html,application/xhtml+xml,application/xml;q=0.9,image/webp,image/apng,*/*;q=0.8'
    'HTTP_REFERER' => 'http://127.0.0.1/php_project/fjj_erp/web/login/login'
    'HTTP_ACCEPT_ENCODING' => 'gzip, deflate, br'
    'HTTP_ACCEPT_LANGUAGE' => 'en-US,en;q=0.9,zh-CN;q=0.8,zh;q=0.7'
    'HTTP_COOKIE' => '_csrf=6fceb5beb5b86803b28e73ed99fdde1425a41a477ee0b74b1599ca375794ca19a%3A2%3A%7Bi%3A0%3Bs%3A5%3A%22_csrf%22%3Bi%3A1%3Bs%3A32%3A%22IEJMAMmwUj03JrMIBrTnvimE9gFvVmwd%22%3B%7D'
    'PHP_SELF' => '/index.php/login/login'
    'REQUEST_TIME_FLOAT' => 1537779687.1893
    'REQUEST_TIME' => 1537779687
]
2018-09-24 09:34:40 [172.21.0.1][-][-][error][yii\base\InvalidConfigException] exception 'yii\base\InvalidConfigException' with message 'Either GD PHP extension with FreeType support or ImageMagick PHP extension with PNG support is required.' in /usr/local/nginx/html/php_project/fjj_erp/vendor/yiisoft/yii2/captcha/Captcha.php:179
Stack trace:
#0 /usr/local/nginx/html/php_project/fjj_erp/vendor/yiisoft/yii2/captcha/Captcha.php(94): yii\captcha\Captcha::checkRequirements()
#1 /usr/local/nginx/html/php_project/fjj_erp/vendor/yiisoft/yii2/base/Object.php(107): yii\captcha\Captcha->init()
#2 [internal function]: yii\base\Object->__construct(Array)
#3 /usr/local/nginx/html/php_project/fjj_erp/vendor/yiisoft/yii2/di/Container.php(384): ReflectionClass->newInstanceArgs(Array)
#4 /usr/local/nginx/html/php_project/fjj_erp/vendor/yiisoft/yii2/di/Container.php(163): yii\di\Container->build('yii\\captcha\\Cap...', Array, Array)
#5 /usr/local/nginx/html/php_project/fjj_erp/vendor/yiisoft/yii2/BaseYii.php(353): yii\di\Container->get('yii\\captcha\\Cap...', Array, Array)
#6 /usr/local/nginx/html/php_project/fjj_erp/vendor/yiisoft/yii2/base/Widget.php(103): yii\BaseYii::createObject(Array)
#7 /usr/local/nginx/html/php_project/fjj_erp/vendor/yiisoft/yii2/widgets/ActiveField.php(673): yii\base\Widget::widget(Array)
#8 /usr/local/nginx/html/php_project/fjj_erp/views/login/login.php(70): yii\widgets\ActiveField->widget('yii\\captcha\\Cap...', Array)
#9 /usr/local/nginx/html/php_project/fjj_erp/vendor/yiisoft/yii2/base/View.php(325): require('/usr/local/ngin...')
#10 /usr/local/nginx/html/php_project/fjj_erp/vendor/yiisoft/yii2/base/View.php(247): yii\base\View->renderPhpFile('/usr/local/ngin...', Array)
#11 /usr/local/nginx/html/php_project/fjj_erp/vendor/yiisoft/yii2/base/View.php(149): yii\base\View->renderFile('/usr/local/ngin...', Array, Object(app\controllers\LoginController))
#12 /usr/local/nginx/html/php_project/fjj_erp/vendor/yiisoft/yii2/base/Controller.php(430): yii\base\View->render('login', Array, Object(app\controllers\LoginController))
#13 /usr/local/nginx/html/php_project/fjj_erp/controllers/LoginController.php(48): yii\base\Controller->renderPartial('login', Array)
#14 [internal function]: app\controllers\LoginController->actionLogin()
#15 /usr/local/nginx/html/php_project/fjj_erp/vendor/yiisoft/yii2/base/InlineAction.php(55): call_user_func_array(Array, Array)
#16 /usr/local/nginx/html/php_project/fjj_erp/vendor/yiisoft/yii2/base/Controller.php(168): yii\base\InlineAction->runWithParams(Array)
#17 /usr/local/nginx/html/php_project/fjj_erp/vendor/yiisoft/yii2/base/Module.php(454): yii\base\Controller->runAction('login', Array)
#18 /usr/local/nginx/html/php_project/fjj_erp/vendor/yiisoft/yii2/web/Application.php(86): yii\base\Module->runAction('login/login', Array)
#19 /usr/local/nginx/html/php_project/fjj_erp/vendor/yiisoft/yii2/base/Application.php(375): yii\web\Application->handleRequest(Object(yii\web\Request))
#20 /usr/local/nginx/html/php_project/fjj_erp/web/index.php(54): yii\base\Application->run()
#21 {main}
2018-09-24 09:34:40 [172.21.0.1][-][-][info][application] $_COOKIE = [
    '_csrf' => '6fceb5beb5b86803b28e73ed99fdde1425a41a477ee0b74b1599ca375794ca19a:2:{i:0;s:5:\"_csrf\";i:1;s:32:\"IEJMAMmwUj03JrMIBrTnvimE9gFvVmwd\";}'
]

$_SERVER = [
    'USER' => 'nobody'
    'HOME' => '/'
    'FCGI_ROLE' => 'RESPONDER'
    'SCRIPT_FILENAME' => '/usr/local/nginx/html/php_project/fjj_erp/web/index.php'
    'PATH_INFO' => '/login/login'
    'QUERY_STRING' => ''
    'REQUEST_METHOD' => 'GET'
    'CONTENT_TYPE' => ''
    'CONTENT_LENGTH' => ''
    'SCRIPT_NAME' => '/index.php'
    'REQUEST_URI' => '/login/login'
    'DOCUMENT_URI' => '/index.php/login/login'
    'DOCUMENT_ROOT' => '/usr/local/nginx/html/php_project/fjj_erp/web'
    'SERVER_PROTOCOL' => 'HTTP/1.1'
    'REQUEST_SCHEME' => 'http'
    'GATEWAY_INTERFACE' => 'CGI/1.1'
    'SERVER_SOFTWARE' => 'nginx/1.14.0'
    'REMOTE_ADDR' => '172.21.0.1'
    'REMOTE_PORT' => '36416'
    'SERVER_ADDR' => '172.21.0.4'
    'SERVER_PORT' => '80'
    'SERVER_NAME' => 'localhost'
    'REDIRECT_STATUS' => '200'
    'HTTP_HOST' => '127.0.0.1'
    'HTTP_CONNECTION' => 'keep-alive'
    'HTTP_PRAGMA' => 'no-cache'
    'HTTP_CACHE_CONTROL' => 'no-cache'
    'HTTP_UPGRADE_INSECURE_REQUESTS' => '1'
    'HTTP_USER_AGENT' => 'Mozilla/5.0 (X11; Linux x86_64) AppleWebKit/537.36 (KHTML, like Gecko) Chrome/69.0.3497.100 Safari/537.36'
    'HTTP_ACCEPT' => 'text/html,application/xhtml+xml,application/xml;q=0.9,image/webp,image/apng,*/*;q=0.8'
    'HTTP_REFERER' => 'http://127.0.0.1/'
    'HTTP_ACCEPT_ENCODING' => 'gzip, deflate, br'
    'HTTP_ACCEPT_LANGUAGE' => 'en-US,en;q=0.9,zh-CN;q=0.8,zh;q=0.7'
    'HTTP_COOKIE' => '_csrf=6fceb5beb5b86803b28e73ed99fdde1425a41a477ee0b74b1599ca375794ca19a%3A2%3A%7Bi%3A0%3Bs%3A5%3A%22_csrf%22%3Bi%3A1%3Bs%3A32%3A%22IEJMAMmwUj03JrMIBrTnvimE9gFvVmwd%22%3B%7D'
    'PHP_SELF' => '/index.php/login/login'
    'REQUEST_TIME_FLOAT' => 1537781680.2581
    'REQUEST_TIME' => 1537781680
]
2018-09-24 09:34:46 [172.21.0.1][-][-][error][yii\web\HttpException:404] exception 'yii\base\InvalidRouteException' with message 'Unable to resolve the request "bb.php".' in /usr/local/nginx/html/php_project/fjj_erp/vendor/yiisoft/yii2/base/Module.php:460
Stack trace:
#0 /usr/local/nginx/html/php_project/fjj_erp/vendor/yiisoft/yii2/web/Application.php(86): yii\base\Module->runAction('bb.php', Array)
#1 /usr/local/nginx/html/php_project/fjj_erp/vendor/yiisoft/yii2/base/Application.php(375): yii\web\Application->handleRequest(Object(yii\web\Request))
#2 /usr/local/nginx/html/php_project/fjj_erp/web/index.php(54): yii\base\Application->run()
#3 {main}

Next exception 'yii\web\NotFoundHttpException' with message '页面未找到。' in /usr/local/nginx/html/php_project/fjj_erp/vendor/yiisoft/yii2/web/Application.php:98
Stack trace:
#0 /usr/local/nginx/html/php_project/fjj_erp/vendor/yiisoft/yii2/base/Application.php(375): yii\web\Application->handleRequest(Object(yii\web\Request))
#1 /usr/local/nginx/html/php_project/fjj_erp/web/index.php(54): yii\base\Application->run()
#2 {main}
2018-09-24 09:34:46 [172.21.0.1][-][-][info][application] $_COOKIE = [
    '_csrf' => '6fceb5beb5b86803b28e73ed99fdde1425a41a477ee0b74b1599ca375794ca19a:2:{i:0;s:5:\"_csrf\";i:1;s:32:\"IEJMAMmwUj03JrMIBrTnvimE9gFvVmwd\";}'
]

$_SERVER = [
    'USER' => 'nobody'
    'HOME' => '/'
    'FCGI_ROLE' => 'RESPONDER'
    'SCRIPT_FILENAME' => '/usr/local/nginx/html/php_project/fjj_erp/web/index.php'
    'PATH_INFO' => ''
    'QUERY_STRING' => ''
    'REQUEST_METHOD' => 'GET'
    'CONTENT_TYPE' => ''
    'CONTENT_LENGTH' => ''
    'SCRIPT_NAME' => ''
    'REQUEST_URI' => '/bb.php'
    'DOCUMENT_URI' => '/index.php/bb.php'
    'DOCUMENT_ROOT' => '/usr/local/nginx/html/php_project/fjj_erp/web'
    'SERVER_PROTOCOL' => 'HTTP/1.1'
    'REQUEST_SCHEME' => 'http'
    'GATEWAY_INTERFACE' => 'CGI/1.1'
    'SERVER_SOFTWARE' => 'nginx/1.14.0'
    'REMOTE_ADDR' => '172.21.0.1'
    'REMOTE_PORT' => '36450'
    'SERVER_ADDR' => '172.21.0.4'
    'SERVER_PORT' => '80'
    'SERVER_NAME' => 'localhost'
    'REDIRECT_STATUS' => '200'
    'HTTP_HOST' => '127.0.0.1'
    'HTTP_CONNECTION' => 'keep-alive'
    'HTTP_CACHE_CONTROL' => 'max-age=0'
    'HTTP_UPGRADE_INSECURE_REQUESTS' => '1'
    'HTTP_USER_AGENT' => 'Mozilla/5.0 (X11; Linux x86_64) AppleWebKit/537.36 (KHTML, like Gecko) Chrome/69.0.3497.100 Safari/537.36'
    'HTTP_ACCEPT' => 'text/html,application/xhtml+xml,application/xml;q=0.9,image/webp,image/apng,*/*;q=0.8'
    'HTTP_ACCEPT_ENCODING' => 'gzip, deflate, br'
    'HTTP_ACCEPT_LANGUAGE' => 'en-US,en;q=0.9,zh-CN;q=0.8,zh;q=0.7'
    'HTTP_COOKIE' => '_csrf=6fceb5beb5b86803b28e73ed99fdde1425a41a477ee0b74b1599ca375794ca19a%3A2%3A%7Bi%3A0%3Bs%3A5%3A%22_csrf%22%3Bi%3A1%3Bs%3A32%3A%22IEJMAMmwUj03JrMIBrTnvimE9gFvVmwd%22%3B%7D'
    'ORIG_PATH_INFO' => ''
    'ORIG_SCRIPT_NAME' => '/index.php/bb.php'
    'ORIG_SCRIPT_FILENAME' => '/usr/local/nginx/html/php_project/fjj_erp/web/index.php/bb.php'
    'PATH_TRANSLATED' => '/usr/local/nginx/html/php_project/fjj_erp/web'
    'PHP_SELF' => ''
    'REQUEST_TIME_FLOAT' => 1537781686.9012
    'REQUEST_TIME' => 1537781686
]
2018-09-24 09:34:47 [172.21.0.1][-][-][error][yii\base\InvalidConfigException] exception 'yii\base\InvalidConfigException' with message 'Either GD PHP extension with FreeType support or ImageMagick PHP extension with PNG support is required.' in /usr/local/nginx/html/php_project/fjj_erp/vendor/yiisoft/yii2/captcha/Captcha.php:179
Stack trace:
#0 /usr/local/nginx/html/php_project/fjj_erp/vendor/yiisoft/yii2/captcha/Captcha.php(94): yii\captcha\Captcha::checkRequirements()
#1 /usr/local/nginx/html/php_project/fjj_erp/vendor/yiisoft/yii2/base/Object.php(107): yii\captcha\Captcha->init()
#2 [internal function]: yii\base\Object->__construct(Array)
#3 /usr/local/nginx/html/php_project/fjj_erp/vendor/yiisoft/yii2/di/Container.php(384): ReflectionClass->newInstanceArgs(Array)
#4 /usr/local/nginx/html/php_project/fjj_erp/vendor/yiisoft/yii2/di/Container.php(163): yii\di\Container->build('yii\\captcha\\Cap...', Array, Array)
#5 /usr/local/nginx/html/php_project/fjj_erp/vendor/yiisoft/yii2/BaseYii.php(353): yii\di\Container->get('yii\\captcha\\Cap...', Array, Array)
#6 /usr/local/nginx/html/php_project/fjj_erp/vendor/yiisoft/yii2/base/Widget.php(103): yii\BaseYii::createObject(Array)
#7 /usr/local/nginx/html/php_project/fjj_erp/vendor/yiisoft/yii2/widgets/ActiveField.php(673): yii\base\Widget::widget(Array)
#8 /usr/local/nginx/html/php_project/fjj_erp/views/login/login.php(70): yii\widgets\ActiveField->widget('yii\\captcha\\Cap...', Array)
#9 /usr/local/nginx/html/php_project/fjj_erp/vendor/yiisoft/yii2/base/View.php(325): require('/usr/local/ngin...')
#10 /usr/local/nginx/html/php_project/fjj_erp/vendor/yiisoft/yii2/base/View.php(247): yii\base\View->renderPhpFile('/usr/local/ngin...', Array)
#11 /usr/local/nginx/html/php_project/fjj_erp/vendor/yiisoft/yii2/base/View.php(149): yii\base\View->renderFile('/usr/local/ngin...', Array, Object(app\controllers\LoginController))
#12 /usr/local/nginx/html/php_project/fjj_erp/vendor/yiisoft/yii2/base/Controller.php(430): yii\base\View->render('login', Array, Object(app\controllers\LoginController))
#13 /usr/local/nginx/html/php_project/fjj_erp/controllers/LoginController.php(48): yii\base\Controller->renderPartial('login', Array)
#14 [internal function]: app\controllers\LoginController->actionLogin()
#15 /usr/local/nginx/html/php_project/fjj_erp/vendor/yiisoft/yii2/base/InlineAction.php(55): call_user_func_array(Array, Array)
#16 /usr/local/nginx/html/php_project/fjj_erp/vendor/yiisoft/yii2/base/Controller.php(168): yii\base\InlineAction->runWithParams(Array)
#17 /usr/local/nginx/html/php_project/fjj_erp/vendor/yiisoft/yii2/base/Module.php(454): yii\base\Controller->runAction('login', Array)
#18 /usr/local/nginx/html/php_project/fjj_erp/vendor/yiisoft/yii2/web/Application.php(86): yii\base\Module->runAction('login/login', Array)
#19 /usr/local/nginx/html/php_project/fjj_erp/vendor/yiisoft/yii2/base/Application.php(375): yii\web\Application->handleRequest(Object(yii\web\Request))
#20 /usr/local/nginx/html/php_project/fjj_erp/web/index.php(54): yii\base\Application->run()
#21 {main}
2018-09-24 09:34:47 [172.21.0.1][-][-][info][application] $_COOKIE = [
    '_csrf' => '6fceb5beb5b86803b28e73ed99fdde1425a41a477ee0b74b1599ca375794ca19a:2:{i:0;s:5:\"_csrf\";i:1;s:32:\"IEJMAMmwUj03JrMIBrTnvimE9gFvVmwd\";}'
]

$_SERVER = [
    'USER' => 'nobody'
    'HOME' => '/'
    'FCGI_ROLE' => 'RESPONDER'
    'SCRIPT_FILENAME' => '/usr/local/nginx/html/php_project/fjj_erp/web/index.php'
    'PATH_INFO' => '/login/login'
    'QUERY_STRING' => ''
    'REQUEST_METHOD' => 'GET'
    'CONTENT_TYPE' => ''
    'CONTENT_LENGTH' => ''
    'SCRIPT_NAME' => '/index.php'
    'REQUEST_URI' => '/login/login'
    'DOCUMENT_URI' => '/index.php/login/login'
    'DOCUMENT_ROOT' => '/usr/local/nginx/html/php_project/fjj_erp/web'
    'SERVER_PROTOCOL' => 'HTTP/1.1'
    'REQUEST_SCHEME' => 'http'
    'GATEWAY_INTERFACE' => 'CGI/1.1'
    'SERVER_SOFTWARE' => 'nginx/1.14.0'
    'REMOTE_ADDR' => '172.21.0.1'
    'REMOTE_PORT' => '36450'
    'SERVER_ADDR' => '172.21.0.4'
    'SERVER_PORT' => '80'
    'SERVER_NAME' => 'localhost'
    'REDIRECT_STATUS' => '200'
    'HTTP_HOST' => '127.0.0.1'
    'HTTP_CONNECTION' => 'keep-alive'
    'HTTP_UPGRADE_INSECURE_REQUESTS' => '1'
    'HTTP_USER_AGENT' => 'Mozilla/5.0 (X11; Linux x86_64) AppleWebKit/537.36 (KHTML, like Gecko) Chrome/69.0.3497.100 Safari/537.36'
    'HTTP_ACCEPT' => 'text/html,application/xhtml+xml,application/xml;q=0.9,image/webp,image/apng,*/*;q=0.8'
    'HTTP_REFERER' => 'http://127.0.0.1/bb.php'
    'HTTP_ACCEPT_ENCODING' => 'gzip, deflate, br'
    'HTTP_ACCEPT_LANGUAGE' => 'en-US,en;q=0.9,zh-CN;q=0.8,zh;q=0.7'
    'HTTP_COOKIE' => '_csrf=6fceb5beb5b86803b28e73ed99fdde1425a41a477ee0b74b1599ca375794ca19a%3A2%3A%7Bi%3A0%3Bs%3A5%3A%22_csrf%22%3Bi%3A1%3Bs%3A32%3A%22IEJMAMmwUj03JrMIBrTnvimE9gFvVmwd%22%3B%7D'
    'PHP_SELF' => '/index.php/login/login'
    'REQUEST_TIME_FLOAT' => 1537781687.0134
    'REQUEST_TIME' => 1537781687
]
2018-09-24 09:36:25 [172.21.0.1][-][-][error][yii\base\InvalidConfigException] exception 'yii\base\InvalidConfigException' with message 'Either GD PHP extension with FreeType support or ImageMagick PHP extension with PNG support is required.' in /usr/local/nginx/html/php_project/fjj_erp/vendor/yiisoft/yii2/captcha/Captcha.php:179
Stack trace:
#0 /usr/local/nginx/html/php_project/fjj_erp/vendor/yiisoft/yii2/captcha/Captcha.php(94): yii\captcha\Captcha::checkRequirements()
#1 /usr/local/nginx/html/php_project/fjj_erp/vendor/yiisoft/yii2/base/Object.php(107): yii\captcha\Captcha->init()
#2 [internal function]: yii\base\Object->__construct(Array)
#3 /usr/local/nginx/html/php_project/fjj_erp/vendor/yiisoft/yii2/di/Container.php(384): ReflectionClass->newInstanceArgs(Array)
#4 /usr/local/nginx/html/php_project/fjj_erp/vendor/yiisoft/yii2/di/Container.php(163): yii\di\Container->build('yii\\captcha\\Cap...', Array, Array)
#5 /usr/local/nginx/html/php_project/fjj_erp/vendor/yiisoft/yii2/BaseYii.php(353): yii\di\Container->get('yii\\captcha\\Cap...', Array, Array)
#6 /usr/local/nginx/html/php_project/fjj_erp/vendor/yiisoft/yii2/base/Widget.php(103): yii\BaseYii::createObject(Array)
#7 /usr/local/nginx/html/php_project/fjj_erp/vendor/yiisoft/yii2/widgets/ActiveField.php(673): yii\base\Widget::widget(Array)
#8 /usr/local/nginx/html/php_project/fjj_erp/views/login/login.php(70): yii\widgets\ActiveField->widget('yii\\captcha\\Cap...', Array)
#9 /usr/local/nginx/html/php_project/fjj_erp/vendor/yiisoft/yii2/base/View.php(325): require('/usr/local/ngin...')
#10 /usr/local/nginx/html/php_project/fjj_erp/vendor/yiisoft/yii2/base/View.php(247): yii\base\View->renderPhpFile('/usr/local/ngin...', Array)
#11 /usr/local/nginx/html/php_project/fjj_erp/vendor/yiisoft/yii2/base/View.php(149): yii\base\View->renderFile('/usr/local/ngin...', Array, Object(app\controllers\LoginController))
#12 /usr/local/nginx/html/php_project/fjj_erp/vendor/yiisoft/yii2/base/Controller.php(430): yii\base\View->render('login', Array, Object(app\controllers\LoginController))
#13 /usr/local/nginx/html/php_project/fjj_erp/controllers/LoginController.php(48): yii\base\Controller->renderPartial('login', Array)
#14 [internal function]: app\controllers\LoginController->actionLogin()
#15 /usr/local/nginx/html/php_project/fjj_erp/vendor/yiisoft/yii2/base/InlineAction.php(55): call_user_func_array(Array, Array)
#16 /usr/local/nginx/html/php_project/fjj_erp/vendor/yiisoft/yii2/base/Controller.php(168): yii\base\InlineAction->runWithParams(Array)
#17 /usr/local/nginx/html/php_project/fjj_erp/vendor/yiisoft/yii2/base/Module.php(454): yii\base\Controller->runAction('login', Array)
#18 /usr/local/nginx/html/php_project/fjj_erp/vendor/yiisoft/yii2/web/Application.php(86): yii\base\Module->runAction('login/login', Array)
#19 /usr/local/nginx/html/php_project/fjj_erp/vendor/yiisoft/yii2/base/Application.php(375): yii\web\Application->handleRequest(Object(yii\web\Request))
#20 /usr/local/nginx/html/php_project/fjj_erp/web/index.php(54): yii\base\Application->run()
#21 {main}
2018-09-24 09:36:25 [172.21.0.1][-][-][info][application] $_COOKIE = [
    '_csrf' => '6fceb5beb5b86803b28e73ed99fdde1425a41a477ee0b74b1599ca375794ca19a:2:{i:0;s:5:\"_csrf\";i:1;s:32:\"IEJMAMmwUj03JrMIBrTnvimE9gFvVmwd\";}'
]

$_SERVER = [
    'USER' => 'nobody'
    'HOME' => '/'
    'FCGI_ROLE' => 'RESPONDER'
    'SCRIPT_FILENAME' => '/usr/local/nginx/html/php_project/fjj_erp/web/index.php'
    'PATH_INFO' => '/login/login'
    'QUERY_STRING' => ''
    'REQUEST_METHOD' => 'GET'
    'CONTENT_TYPE' => ''
    'CONTENT_LENGTH' => ''
    'SCRIPT_NAME' => '/index.php'
    'REQUEST_URI' => '/login/login'
    'DOCUMENT_URI' => '/index.php/login/login'
    'DOCUMENT_ROOT' => '/usr/local/nginx/html/php_project/fjj_erp/web'
    'SERVER_PROTOCOL' => 'HTTP/1.1'
    'REQUEST_SCHEME' => 'http'
    'GATEWAY_INTERFACE' => 'CGI/1.1'
    'SERVER_SOFTWARE' => 'nginx/1.14.0'
    'REMOTE_ADDR' => '172.21.0.1'
    'REMOTE_PORT' => '37296'
    'SERVER_ADDR' => '172.21.0.4'
    'SERVER_PORT' => '80'
    'SERVER_NAME' => 'localhost'
    'REDIRECT_STATUS' => '200'
    'HTTP_HOST' => '127.0.0.1'
    'HTTP_CONNECTION' => 'keep-alive'
    'HTTP_UPGRADE_INSECURE_REQUESTS' => '1'
    'HTTP_USER_AGENT' => 'Mozilla/5.0 (X11; Linux x86_64) AppleWebKit/537.36 (KHTML, like Gecko) Chrome/69.0.3497.100 Safari/537.36'
    'HTTP_ACCEPT' => 'text/html,application/xhtml+xml,application/xml;q=0.9,image/webp,image/apng,*/*;q=0.8'
    'HTTP_REFERER' => 'http://127.0.0.1/'
    'HTTP_ACCEPT_ENCODING' => 'gzip, deflate, br'
    'HTTP_ACCEPT_LANGUAGE' => 'en-US,en;q=0.9,zh-CN;q=0.8,zh;q=0.7'
    'HTTP_COOKIE' => '_csrf=6fceb5beb5b86803b28e73ed99fdde1425a41a477ee0b74b1599ca375794ca19a%3A2%3A%7Bi%3A0%3Bs%3A5%3A%22_csrf%22%3Bi%3A1%3Bs%3A32%3A%22IEJMAMmwUj03JrMIBrTnvimE9gFvVmwd%22%3B%7D'
    'PHP_SELF' => '/index.php/login/login'
    'REQUEST_TIME_FLOAT' => 1537781785.012
    'REQUEST_TIME' => 1537781785
]
2018-09-24 09:36:29 [172.21.0.1][-][-][error][yii\base\InvalidConfigException] exception 'yii\base\InvalidConfigException' with message 'Either GD PHP extension with FreeType support or ImageMagick PHP extension with PNG support is required.' in /usr/local/nginx/html/php_project/fjj_erp/vendor/yiisoft/yii2/captcha/Captcha.php:179
Stack trace:
#0 /usr/local/nginx/html/php_project/fjj_erp/vendor/yiisoft/yii2/captcha/Captcha.php(94): yii\captcha\Captcha::checkRequirements()
#1 /usr/local/nginx/html/php_project/fjj_erp/vendor/yiisoft/yii2/base/Object.php(107): yii\captcha\Captcha->init()
#2 [internal function]: yii\base\Object->__construct(Array)
#3 /usr/local/nginx/html/php_project/fjj_erp/vendor/yiisoft/yii2/di/Container.php(384): ReflectionClass->newInstanceArgs(Array)
#4 /usr/local/nginx/html/php_project/fjj_erp/vendor/yiisoft/yii2/di/Container.php(163): yii\di\Container->build('yii\\captcha\\Cap...', Array, Array)
#5 /usr/local/nginx/html/php_project/fjj_erp/vendor/yiisoft/yii2/BaseYii.php(353): yii\di\Container->get('yii\\captcha\\Cap...', Array, Array)
#6 /usr/local/nginx/html/php_project/fjj_erp/vendor/yiisoft/yii2/base/Widget.php(103): yii\BaseYii::createObject(Array)
#7 /usr/local/nginx/html/php_project/fjj_erp/vendor/yiisoft/yii2/widgets/ActiveField.php(673): yii\base\Widget::widget(Array)
#8 /usr/local/nginx/html/php_project/fjj_erp/views/login/login.php(70): yii\widgets\ActiveField->widget('yii\\captcha\\Cap...', Array)
#9 /usr/local/nginx/html/php_project/fjj_erp/vendor/yiisoft/yii2/base/View.php(325): require('/usr/local/ngin...')
#10 /usr/local/nginx/html/php_project/fjj_erp/vendor/yiisoft/yii2/base/View.php(247): yii\base\View->renderPhpFile('/usr/local/ngin...', Array)
#11 /usr/local/nginx/html/php_project/fjj_erp/vendor/yiisoft/yii2/base/View.php(149): yii\base\View->renderFile('/usr/local/ngin...', Array, Object(app\controllers\LoginController))
#12 /usr/local/nginx/html/php_project/fjj_erp/vendor/yiisoft/yii2/base/Controller.php(430): yii\base\View->render('login', Array, Object(app\controllers\LoginController))
#13 /usr/local/nginx/html/php_project/fjj_erp/controllers/LoginController.php(48): yii\base\Controller->renderPartial('login', Array)
#14 [internal function]: app\controllers\LoginController->actionLogin()
#15 /usr/local/nginx/html/php_project/fjj_erp/vendor/yiisoft/yii2/base/InlineAction.php(55): call_user_func_array(Array, Array)
#16 /usr/local/nginx/html/php_project/fjj_erp/vendor/yiisoft/yii2/base/Controller.php(168): yii\base\InlineAction->runWithParams(Array)
#17 /usr/local/nginx/html/php_project/fjj_erp/vendor/yiisoft/yii2/base/Module.php(454): yii\base\Controller->runAction('login', Array)
#18 /usr/local/nginx/html/php_project/fjj_erp/vendor/yiisoft/yii2/web/Application.php(86): yii\base\Module->runAction('login/login', Array)
#19 /usr/local/nginx/html/php_project/fjj_erp/vendor/yiisoft/yii2/base/Application.php(375): yii\web\Application->handleRequest(Object(yii\web\Request))
#20 /usr/local/nginx/html/php_project/fjj_erp/web/index.php(54): yii\base\Application->run()
#21 {main}
2018-09-24 09:36:29 [172.21.0.1][-][-][info][application] $_COOKIE = [
    '_csrf' => '6fceb5beb5b86803b28e73ed99fdde1425a41a477ee0b74b1599ca375794ca19a:2:{i:0;s:5:\"_csrf\";i:1;s:32:\"IEJMAMmwUj03JrMIBrTnvimE9gFvVmwd\";}'
]

$_SERVER = [
    'USER' => 'nobody'
    'HOME' => '/'
    'FCGI_ROLE' => 'RESPONDER'
    'SCRIPT_FILENAME' => '/usr/local/nginx/html/php_project/fjj_erp/web/index.php'
    'PATH_INFO' => '/login/login'
    'QUERY_STRING' => ''
    'REQUEST_METHOD' => 'GET'
    'CONTENT_TYPE' => ''
    'CONTENT_LENGTH' => ''
    'SCRIPT_NAME' => '/index.php'
    'REQUEST_URI' => '/login/login'
    'DOCUMENT_URI' => '/index.php/login/login'
    'DOCUMENT_ROOT' => '/usr/local/nginx/html/php_project/fjj_erp/web'
    'SERVER_PROTOCOL' => 'HTTP/1.1'
    'REQUEST_SCHEME' => 'http'
    'GATEWAY_INTERFACE' => 'CGI/1.1'
    'SERVER_SOFTWARE' => 'nginx/1.14.0'
    'REMOTE_ADDR' => '172.21.0.1'
    'REMOTE_PORT' => '37296'
    'SERVER_ADDR' => '172.21.0.4'
    'SERVER_PORT' => '80'
    'SERVER_NAME' => 'localhost'
    'REDIRECT_STATUS' => '200'
    'HTTP_HOST' => '127.0.0.1'
    'HTTP_CONNECTION' => 'keep-alive'
    'HTTP_UPGRADE_INSECURE_REQUESTS' => '1'
    'HTTP_USER_AGENT' => 'Mozilla/5.0 (X11; Linux x86_64) AppleWebKit/537.36 (KHTML, like Gecko) Chrome/69.0.3497.100 Safari/537.36'
    'HTTP_ACCEPT' => 'text/html,application/xhtml+xml,application/xml;q=0.9,image/webp,image/apng,*/*;q=0.8'
    'HTTP_REFERER' => 'http://127.0.0.1/'
    'HTTP_ACCEPT_ENCODING' => 'gzip, deflate, br'
    'HTTP_ACCEPT_LANGUAGE' => 'en-US,en;q=0.9,zh-CN;q=0.8,zh;q=0.7'
    'HTTP_COOKIE' => '_csrf=6fceb5beb5b86803b28e73ed99fdde1425a41a477ee0b74b1599ca375794ca19a%3A2%3A%7Bi%3A0%3Bs%3A5%3A%22_csrf%22%3Bi%3A1%3Bs%3A32%3A%22IEJMAMmwUj03JrMIBrTnvimE9gFvVmwd%22%3B%7D'
    'PHP_SELF' => '/index.php/login/login'
    'REQUEST_TIME_FLOAT' => 1537781789.2038
    'REQUEST_TIME' => 1537781789
]
2018-09-24 09:36:57 [172.21.0.1][-][-][error][yii\base\InvalidConfigException] exception 'yii\base\InvalidConfigException' with message 'Either GD PHP extension with FreeType support or ImageMagick PHP extension with PNG support is required.' in /usr/local/nginx/html/php_project/fjj_erp/vendor/yiisoft/yii2/captcha/Captcha.php:179
Stack trace:
#0 /usr/local/nginx/html/php_project/fjj_erp/vendor/yiisoft/yii2/captcha/Captcha.php(94): yii\captcha\Captcha::checkRequirements()
#1 /usr/local/nginx/html/php_project/fjj_erp/vendor/yiisoft/yii2/base/Object.php(107): yii\captcha\Captcha->init()
#2 [internal function]: yii\base\Object->__construct(Array)
#3 /usr/local/nginx/html/php_project/fjj_erp/vendor/yiisoft/yii2/di/Container.php(384): ReflectionClass->newInstanceArgs(Array)
#4 /usr/local/nginx/html/php_project/fjj_erp/vendor/yiisoft/yii2/di/Container.php(163): yii\di\Container->build('yii\\captcha\\Cap...', Array, Array)
#5 /usr/local/nginx/html/php_project/fjj_erp/vendor/yiisoft/yii2/BaseYii.php(353): yii\di\Container->get('yii\\captcha\\Cap...', Array, Array)
#6 /usr/local/nginx/html/php_project/fjj_erp/vendor/yiisoft/yii2/base/Widget.php(103): yii\BaseYii::createObject(Array)
#7 /usr/local/nginx/html/php_project/fjj_erp/vendor/yiisoft/yii2/widgets/ActiveField.php(673): yii\base\Widget::widget(Array)
#8 /usr/local/nginx/html/php_project/fjj_erp/views/login/login.php(70): yii\widgets\ActiveField->widget('yii\\captcha\\Cap...', Array)
#9 /usr/local/nginx/html/php_project/fjj_erp/vendor/yiisoft/yii2/base/View.php(325): require('/usr/local/ngin...')
#10 /usr/local/nginx/html/php_project/fjj_erp/vendor/yiisoft/yii2/base/View.php(247): yii\base\View->renderPhpFile('/usr/local/ngin...', Array)
#11 /usr/local/nginx/html/php_project/fjj_erp/vendor/yiisoft/yii2/base/View.php(149): yii\base\View->renderFile('/usr/local/ngin...', Array, Object(app\controllers\LoginController))
#12 /usr/local/nginx/html/php_project/fjj_erp/vendor/yiisoft/yii2/base/Controller.php(430): yii\base\View->render('login', Array, Object(app\controllers\LoginController))
#13 /usr/local/nginx/html/php_project/fjj_erp/controllers/LoginController.php(48): yii\base\Controller->renderPartial('login', Array)
#14 [internal function]: app\controllers\LoginController->actionLogin()
#15 /usr/local/nginx/html/php_project/fjj_erp/vendor/yiisoft/yii2/base/InlineAction.php(55): call_user_func_array(Array, Array)
#16 /usr/local/nginx/html/php_project/fjj_erp/vendor/yiisoft/yii2/base/Controller.php(168): yii\base\InlineAction->runWithParams(Array)
#17 /usr/local/nginx/html/php_project/fjj_erp/vendor/yiisoft/yii2/base/Module.php(454): yii\base\Controller->runAction('login', Array)
#18 /usr/local/nginx/html/php_project/fjj_erp/vendor/yiisoft/yii2/web/Application.php(86): yii\base\Module->runAction('login/login', Array)
#19 /usr/local/nginx/html/php_project/fjj_erp/vendor/yiisoft/yii2/base/Application.php(375): yii\web\Application->handleRequest(Object(yii\web\Request))
#20 /usr/local/nginx/html/php_project/fjj_erp/web/index.php(54): yii\base\Application->run()
#21 {main}
2018-09-24 09:36:57 [172.21.0.1][-][-][info][application] $_COOKIE = [
    '_csrf' => '6fceb5beb5b86803b28e73ed99fdde1425a41a477ee0b74b1599ca375794ca19a:2:{i:0;s:5:\"_csrf\";i:1;s:32:\"IEJMAMmwUj03JrMIBrTnvimE9gFvVmwd\";}'
]

$_SERVER = [
    'USER' => 'nobody'
    'HOME' => '/'
    'FCGI_ROLE' => 'RESPONDER'
    'SCRIPT_FILENAME' => '/usr/local/nginx/html/php_project/fjj_erp/web/index.php'
    'PATH_INFO' => '/login/login'
    'QUERY_STRING' => ''
    'REQUEST_METHOD' => 'GET'
    'CONTENT_TYPE' => ''
    'CONTENT_LENGTH' => ''
    'SCRIPT_NAME' => '/index.php'
    'REQUEST_URI' => '/login/login'
    'DOCUMENT_URI' => '/index.php/login/login'
    'DOCUMENT_ROOT' => '/usr/local/nginx/html/php_project/fjj_erp/web'
    'SERVER_PROTOCOL' => 'HTTP/1.1'
    'REQUEST_SCHEME' => 'http'
    'GATEWAY_INTERFACE' => 'CGI/1.1'
    'SERVER_SOFTWARE' => 'nginx/1.14.0'
    'REMOTE_ADDR' => '172.21.0.1'
    'REMOTE_PORT' => '37296'
    'SERVER_ADDR' => '172.21.0.4'
    'SERVER_PORT' => '80'
    'SERVER_NAME' => 'localhost'
    'REDIRECT_STATUS' => '200'
    'HTTP_HOST' => '127.0.0.1'
    'HTTP_CONNECTION' => 'keep-alive'
    'HTTP_UPGRADE_INSECURE_REQUESTS' => '1'
    'HTTP_USER_AGENT' => 'Mozilla/5.0 (X11; Linux x86_64) AppleWebKit/537.36 (KHTML, like Gecko) Chrome/69.0.3497.100 Safari/537.36'
    'HTTP_ACCEPT' => 'text/html,application/xhtml+xml,application/xml;q=0.9,image/webp,image/apng,*/*;q=0.8'
    'HTTP_REFERER' => 'http://127.0.0.1/index.php'
    'HTTP_ACCEPT_ENCODING' => 'gzip, deflate, br'
    'HTTP_ACCEPT_LANGUAGE' => 'en-US,en;q=0.9,zh-CN;q=0.8,zh;q=0.7'
    'HTTP_COOKIE' => '_csrf=6fceb5beb5b86803b28e73ed99fdde1425a41a477ee0b74b1599ca375794ca19a%3A2%3A%7Bi%3A0%3Bs%3A5%3A%22_csrf%22%3Bi%3A1%3Bs%3A32%3A%22IEJMAMmwUj03JrMIBrTnvimE9gFvVmwd%22%3B%7D'
    'PHP_SELF' => '/index.php/login/login'
    'REQUEST_TIME_FLOAT' => 1537781817.6421
    'REQUEST_TIME' => 1537781817
]
2018-09-24 09:37:06 [172.21.0.1][-][-][error][yii\base\InvalidConfigException] exception 'yii\base\InvalidConfigException' with message 'Either GD PHP extension with FreeType support or ImageMagick PHP extension with PNG support is required.' in /usr/local/nginx/html/php_project/fjj_erp/vendor/yiisoft/yii2/captcha/Captcha.php:179
Stack trace:
#0 /usr/local/nginx/html/php_project/fjj_erp/vendor/yiisoft/yii2/captcha/Captcha.php(94): yii\captcha\Captcha::checkRequirements()
#1 /usr/local/nginx/html/php_project/fjj_erp/vendor/yiisoft/yii2/base/Object.php(107): yii\captcha\Captcha->init()
#2 [internal function]: yii\base\Object->__construct(Array)
#3 /usr/local/nginx/html/php_project/fjj_erp/vendor/yiisoft/yii2/di/Container.php(384): ReflectionClass->newInstanceArgs(Array)
#4 /usr/local/nginx/html/php_project/fjj_erp/vendor/yiisoft/yii2/di/Container.php(163): yii\di\Container->build('yii\\captcha\\Cap...', Array, Array)
#5 /usr/local/nginx/html/php_project/fjj_erp/vendor/yiisoft/yii2/BaseYii.php(353): yii\di\Container->get('yii\\captcha\\Cap...', Array, Array)
#6 /usr/local/nginx/html/php_project/fjj_erp/vendor/yiisoft/yii2/base/Widget.php(103): yii\BaseYii::createObject(Array)
#7 /usr/local/nginx/html/php_project/fjj_erp/vendor/yiisoft/yii2/widgets/ActiveField.php(673): yii\base\Widget::widget(Array)
#8 /usr/local/nginx/html/php_project/fjj_erp/views/login/login.php(70): yii\widgets\ActiveField->widget('yii\\captcha\\Cap...', Array)
#9 /usr/local/nginx/html/php_project/fjj_erp/vendor/yiisoft/yii2/base/View.php(325): require('/usr/local/ngin...')
#10 /usr/local/nginx/html/php_project/fjj_erp/vendor/yiisoft/yii2/base/View.php(247): yii\base\View->renderPhpFile('/usr/local/ngin...', Array)
#11 /usr/local/nginx/html/php_project/fjj_erp/vendor/yiisoft/yii2/base/View.php(149): yii\base\View->renderFile('/usr/local/ngin...', Array, Object(app\controllers\LoginController))
#12 /usr/local/nginx/html/php_project/fjj_erp/vendor/yiisoft/yii2/base/Controller.php(430): yii\base\View->render('login', Array, Object(app\controllers\LoginController))
#13 /usr/local/nginx/html/php_project/fjj_erp/controllers/LoginController.php(48): yii\base\Controller->renderPartial('login', Array)
#14 [internal function]: app\controllers\LoginController->actionLogin()
#15 /usr/local/nginx/html/php_project/fjj_erp/vendor/yiisoft/yii2/base/InlineAction.php(55): call_user_func_array(Array, Array)
#16 /usr/local/nginx/html/php_project/fjj_erp/vendor/yiisoft/yii2/base/Controller.php(168): yii\base\InlineAction->runWithParams(Array)
#17 /usr/local/nginx/html/php_project/fjj_erp/vendor/yiisoft/yii2/base/Module.php(454): yii\base\Controller->runAction('login', Array)
#18 /usr/local/nginx/html/php_project/fjj_erp/vendor/yiisoft/yii2/web/Application.php(86): yii\base\Module->runAction('login/login', Array)
#19 /usr/local/nginx/html/php_project/fjj_erp/vendor/yiisoft/yii2/base/Application.php(375): yii\web\Application->handleRequest(Object(yii\web\Request))
#20 /usr/local/nginx/html/php_project/fjj_erp/web/index.php(54): yii\base\Application->run()
#21 {main}
2018-09-24 09:37:06 [172.21.0.1][-][-][info][application] $_COOKIE = [
    '_csrf' => '6fceb5beb5b86803b28e73ed99fdde1425a41a477ee0b74b1599ca375794ca19a:2:{i:0;s:5:\"_csrf\";i:1;s:32:\"IEJMAMmwUj03JrMIBrTnvimE9gFvVmwd\";}'
]

$_SERVER = [
    'USER' => 'nobody'
    'HOME' => '/'
    'FCGI_ROLE' => 'RESPONDER'
    'SCRIPT_FILENAME' => '/usr/local/nginx/html/php_project/fjj_erp/web/index.php'
    'PATH_INFO' => '/login/login'
    'QUERY_STRING' => ''
    'REQUEST_METHOD' => 'GET'
    'CONTENT_TYPE' => ''
    'CONTENT_LENGTH' => ''
    'SCRIPT_NAME' => '/index.php'
    'REQUEST_URI' => '/login/login'
    'DOCUMENT_URI' => '/index.php/login/login'
    'DOCUMENT_ROOT' => '/usr/local/nginx/html/php_project/fjj_erp/web'
    'SERVER_PROTOCOL' => 'HTTP/1.1'
    'REQUEST_SCHEME' => 'http'
    'GATEWAY_INTERFACE' => 'CGI/1.1'
    'SERVER_SOFTWARE' => 'nginx/1.14.0'
    'REMOTE_ADDR' => '172.21.0.1'
    'REMOTE_PORT' => '37296'
    'SERVER_ADDR' => '172.21.0.4'
    'SERVER_PORT' => '80'
    'SERVER_NAME' => 'localhost'
    'REDIRECT_STATUS' => '200'
    'HTTP_HOST' => '127.0.0.1'
    'HTTP_CONNECTION' => 'keep-alive'
    'HTTP_UPGRADE_INSECURE_REQUESTS' => '1'
    'HTTP_USER_AGENT' => 'Mozilla/5.0 (X11; Linux x86_64) AppleWebKit/537.36 (KHTML, like Gecko) Chrome/69.0.3497.100 Safari/537.36'
    'HTTP_ACCEPT' => 'text/html,application/xhtml+xml,application/xml;q=0.9,image/webp,image/apng,*/*;q=0.8'
    'HTTP_REFERER' => 'http://127.0.0.1/index/index'
    'HTTP_ACCEPT_ENCODING' => 'gzip, deflate, br'
    'HTTP_ACCEPT_LANGUAGE' => 'en-US,en;q=0.9,zh-CN;q=0.8,zh;q=0.7'
    'HTTP_COOKIE' => '_csrf=6fceb5beb5b86803b28e73ed99fdde1425a41a477ee0b74b1599ca375794ca19a%3A2%3A%7Bi%3A0%3Bs%3A5%3A%22_csrf%22%3Bi%3A1%3Bs%3A32%3A%22IEJMAMmwUj03JrMIBrTnvimE9gFvVmwd%22%3B%7D'
    'PHP_SELF' => '/index.php/login/login'
    'REQUEST_TIME_FLOAT' => 1537781826.7282
    'REQUEST_TIME' => 1537781826
]
2018-09-24 12:24:01 [172.21.0.1][-][-][info][yii\web\Session::open] Session started
    in /usr/local/nginx/html/php_project/fjj_erp/views/login/login.php:70
    in /usr/local/nginx/html/php_project/fjj_erp/controllers/LoginController.php:48
2018-09-24 12:24:00 [172.21.0.1][-][-][info][application] $_COOKIE = [
    '_csrf' => '6fceb5beb5b86803b28e73ed99fdde1425a41a477ee0b74b1599ca375794ca19a:2:{i:0;s:5:\"_csrf\";i:1;s:32:\"IEJMAMmwUj03JrMIBrTnvimE9gFvVmwd\";}'
]

$_SESSION = [
    '__flash' => []
    '__captcha/login/captcha' => 'njyupu'
    '__captcha/login/captchacount' => 1
]

$_SERVER = [
    'USER' => 'nobody'
    'HOME' => '/'
    'FCGI_ROLE' => 'RESPONDER'
    'SCRIPT_FILENAME' => '/usr/local/nginx/html/php_project/fjj_erp/web/index.php'
    'PATH_INFO' => '/login/login'
    'QUERY_STRING' => ''
    'REQUEST_METHOD' => 'GET'
    'CONTENT_TYPE' => ''
    'CONTENT_LENGTH' => ''
    'SCRIPT_NAME' => '/index.php'
    'REQUEST_URI' => '/login/login'
    'DOCUMENT_URI' => '/index.php/login/login'
    'DOCUMENT_ROOT' => '/usr/local/nginx/html/php_project/fjj_erp/web'
    'SERVER_PROTOCOL' => 'HTTP/1.1'
    'REQUEST_SCHEME' => 'http'
    'GATEWAY_INTERFACE' => 'CGI/1.1'
    'SERVER_SOFTWARE' => 'nginx/1.14.0'
    'REMOTE_ADDR' => '172.21.0.1'
    'REMOTE_PORT' => '36050'
    'SERVER_ADDR' => '172.21.0.4'
    'SERVER_PORT' => '80'
    'SERVER_NAME' => 'localhost'
    'REDIRECT_STATUS' => '200'
    'HTTP_HOST' => '127.0.0.1'
    'HTTP_CONNECTION' => 'keep-alive'
    'HTTP_PRAGMA' => 'no-cache'
    'HTTP_CACHE_CONTROL' => 'no-cache'
    'HTTP_UPGRADE_INSECURE_REQUESTS' => '1'
    'HTTP_USER_AGENT' => 'Mozilla/5.0 (X11; Linux x86_64) AppleWebKit/537.36 (KHTML, like Gecko) Chrome/69.0.3497.100 Safari/537.36'
    'HTTP_ACCEPT' => 'text/html,application/xhtml+xml,application/xml;q=0.9,image/webp,image/apng,*/*;q=0.8'
    'HTTP_REFERER' => 'http://127.0.0.1/'
    'HTTP_ACCEPT_ENCODING' => 'gzip, deflate, br'
    'HTTP_ACCEPT_LANGUAGE' => 'en-US,en;q=0.9,zh-CN;q=0.8,zh;q=0.7'
    'HTTP_COOKIE' => '_csrf=6fceb5beb5b86803b28e73ed99fdde1425a41a477ee0b74b1599ca375794ca19a%3A2%3A%7Bi%3A0%3Bs%3A5%3A%22_csrf%22%3Bi%3A1%3Bs%3A32%3A%22IEJMAMmwUj03JrMIBrTnvimE9gFvVmwd%22%3B%7D'
    'PHP_SELF' => '/index.php/login/login'
    'REQUEST_TIME_FLOAT' => 1537791840.8138
    'REQUEST_TIME' => 1537791840
]
2018-09-24 12:24:01 [172.21.0.1][-][-][info][yii\web\Session::open] Session started
2018-09-24 12:24:01 [172.21.0.1][-][-][info][application] $_GET = [
    'v' => '5ba8d76117341'
]

$_COOKIE = [
    '_csrf' => '6fceb5beb5b86803b28e73ed99fdde1425a41a477ee0b74b1599ca375794ca19a:2:{i:0;s:5:\"_csrf\";i:1;s:32:\"IEJMAMmwUj03JrMIBrTnvimE9gFvVmwd\";}'
    'PHPSESSID' => 'c9edf3af6bc68b088a9da4ecfdf0924b'
]

$_SESSION = [
    '__flash' => []
    '__captcha/login/captcha' => 'njyupu'
    '__captcha/login/captchacount' => 1
]

$_SERVER = [
    'USER' => 'nobody'
    'HOME' => '/'
    'FCGI_ROLE' => 'RESPONDER'
    'SCRIPT_FILENAME' => '/usr/local/nginx/html/php_project/fjj_erp/web/index.php'
    'PATH_INFO' => '/login/captcha'
    'QUERY_STRING' => 'v=5ba8d76117341'
    'REQUEST_METHOD' => 'GET'
    'CONTENT_TYPE' => ''
    'CONTENT_LENGTH' => ''
    'SCRIPT_NAME' => '/index.php'
    'REQUEST_URI' => '/login/captcha?v=5ba8d76117341'
    'DOCUMENT_URI' => '/index.php/login/captcha'
    'DOCUMENT_ROOT' => '/usr/local/nginx/html/php_project/fjj_erp/web'
    'SERVER_PROTOCOL' => 'HTTP/1.1'
    'REQUEST_SCHEME' => 'http'
    'GATEWAY_INTERFACE' => 'CGI/1.1'
    'SERVER_SOFTWARE' => 'nginx/1.14.0'
    'REMOTE_ADDR' => '172.21.0.1'
    'REMOTE_PORT' => '36068'
    'SERVER_ADDR' => '172.21.0.4'
    'SERVER_PORT' => '80'
    'SERVER_NAME' => 'localhost'
    'REDIRECT_STATUS' => '200'
    'HTTP_HOST' => '127.0.0.1'
    'HTTP_CONNECTION' => 'keep-alive'
    'HTTP_PRAGMA' => 'no-cache'
    'HTTP_CACHE_CONTROL' => 'no-cache'
    'HTTP_USER_AGENT' => 'Mozilla/5.0 (X11; Linux x86_64) AppleWebKit/537.36 (KHTML, like Gecko) Chrome/69.0.3497.100 Safari/537.36'
    'HTTP_ACCEPT' => 'image/webp,image/apng,image/*,*/*;q=0.8'
    'HTTP_REFERER' => 'http://127.0.0.1/login/login'
    'HTTP_ACCEPT_ENCODING' => 'gzip, deflate, br'
    'HTTP_ACCEPT_LANGUAGE' => 'en-US,en;q=0.9,zh-CN;q=0.8,zh;q=0.7'
    'HTTP_COOKIE' => '_csrf=6fceb5beb5b86803b28e73ed99fdde1425a41a477ee0b74b1599ca375794ca19a%3A2%3A%7Bi%3A0%3Bs%3A5%3A%22_csrf%22%3Bi%3A1%3Bs%3A32%3A%22IEJMAMmwUj03JrMIBrTnvimE9gFvVmwd%22%3B%7D; PHPSESSID=c9edf3af6bc68b088a9da4ecfdf0924b'
    'PHP_SELF' => '/index.php/login/captcha'
    'REQUEST_TIME_FLOAT' => 1537791841.5255
    'REQUEST_TIME' => 1537791841
]
2018-09-24 12:24:22 [172.21.0.1][74][-][info][yii\web\Session::open] Session started
    in /usr/local/nginx/html/php_project/fjj_erp/controllers/LoginController.php:23
2018-09-24 12:24:22 [172.21.0.1][74][-][info][yii\db\Connection::open] Opening DB connection: mysql:host=mysqld;dbname=erp
    in /usr/local/nginx/html/php_project/fjj_erp/models/User.php:119
    in /usr/local/nginx/html/php_project/fjj_erp/models/LoginForm.php:91
    in /usr/local/nginx/html/php_project/fjj_erp/models/LoginForm.php:48
2018-09-24 12:24:22 [172.21.0.1][74][-][info][yii\db\Command::query] SELECT * FROM `user` WHERE `user_account`='F1677929'
    in /usr/local/nginx/html/php_project/fjj_erp/models/User.php:119
    in /usr/local/nginx/html/php_project/fjj_erp/models/LoginForm.php:91
    in /usr/local/nginx/html/php_project/fjj_erp/models/LoginForm.php:48
2018-09-24 12:24:22 [172.21.0.1][74][-][info][yii\db\Command::query] SHOW FULL COLUMNS FROM `user`
    in /usr/local/nginx/html/php_project/fjj_erp/models/User.php:119
    in /usr/local/nginx/html/php_project/fjj_erp/models/LoginForm.php:91
    in /usr/local/nginx/html/php_project/fjj_erp/models/LoginForm.php:48
2018-09-24 12:24:22 [172.21.0.1][74][-][info][yii\db\Command::query] SELECT
    kcu.constraint_name,
    kcu.column_name,
    kcu.referenced_table_name,
    kcu.referenced_column_name
FROM information_schema.referential_constraints AS rc
JOIN information_schema.key_column_usage AS kcu ON
    (
        kcu.constraint_catalog = rc.constraint_catalog OR
        (kcu.constraint_catalog IS NULL AND rc.constraint_catalog IS NULL)
    ) AND
    kcu.constraint_schema = rc.constraint_schema AND
    kcu.constraint_name = rc.constraint_name
WHERE rc.constraint_schema = database() AND kcu.table_schema = database()
AND rc.table_name = 'user' AND kcu.table_name = 'user'
    in /usr/local/nginx/html/php_project/fjj_erp/models/User.php:119
    in /usr/local/nginx/html/php_project/fjj_erp/models/LoginForm.php:91
    in /usr/local/nginx/html/php_project/fjj_erp/models/LoginForm.php:48
2018-09-24 12:24:23 [172.21.0.1][74][-][info][yii\web\User::login] User '74' logged in from 172.21.0.1 with duration 0.
    in /usr/local/nginx/html/php_project/fjj_erp/models/LoginForm.php:80
    in /usr/local/nginx/html/php_project/fjj_erp/controllers/LoginController.php:27
2018-09-24 12:24:23 [172.21.0.1][74][-][info][yii\db\Command::query] SELECT * FROM `hr_staff` WHERE `staff_id`=1435
    in /usr/local/nginx/html/php_project/fjj_erp/modules/system/models/SystemLog.php:79
    in /usr/local/nginx/html/php_project/fjj_erp/controllers/LoginController.php:41
2018-09-24 12:24:23 [172.21.0.1][74][-][info][yii\db\Command::query] SHOW FULL COLUMNS FROM `hr_staff`
    in /usr/local/nginx/html/php_project/fjj_erp/modules/system/models/SystemLog.php:79
    in /usr/local/nginx/html/php_project/fjj_erp/controllers/LoginController.php:41
2018-09-24 12:24:23 [172.21.0.1][74][-][info][yii\db\Command::query] SELECT
    kcu.constraint_name,
    kcu.column_name,
    kcu.referenced_table_name,
    kcu.referenced_column_name
FROM information_schema.referential_constraints AS rc
JOIN information_schema.key_column_usage AS kcu ON
    (
        kcu.constraint_catalog = rc.constraint_catalog OR
        (kcu.constraint_catalog IS NULL AND rc.constraint_catalog IS NULL)
    ) AND
    kcu.constraint_schema = rc.constraint_schema AND
    kcu.constraint_name = rc.constraint_name
WHERE rc.constraint_schema = database() AND kcu.table_schema = database()
AND rc.table_name = 'hr_staff' AND kcu.table_name = 'hr_staff'
    in /usr/local/nginx/html/php_project/fjj_erp/modules/system/models/SystemLog.php:79
    in /usr/local/nginx/html/php_project/fjj_erp/controllers/LoginController.php:41
2018-09-24 12:24:24 [172.21.0.1][74][-][info][yii\db\Command::query] SHOW FULL COLUMNS FROM `system_log`
    in /usr/local/nginx/html/php_project/fjj_erp/modules/system/models/SystemLog.php:79
    in /usr/local/nginx/html/php_project/fjj_erp/controllers/LoginController.php:41
2018-09-24 12:24:24 [172.21.0.1][74][-][info][yii\db\Command::query] SELECT
    kcu.constraint_name,
    kcu.column_name,
    kcu.referenced_table_name,
    kcu.referenced_column_name
FROM information_schema.referential_constraints AS rc
JOIN information_schema.key_column_usage AS kcu ON
    (
        kcu.constraint_catalog = rc.constraint_catalog OR
        (kcu.constraint_catalog IS NULL AND rc.constraint_catalog IS NULL)
    ) AND
    kcu.constraint_schema = rc.constraint_schema AND
    kcu.constraint_name = rc.constraint_name
WHERE rc.constraint_schema = database() AND kcu.table_schema = database()
AND rc.table_name = 'system_log' AND kcu.table_name = 'system_log'
    in /usr/local/nginx/html/php_project/fjj_erp/modules/system/models/SystemLog.php:79
    in /usr/local/nginx/html/php_project/fjj_erp/controllers/LoginController.php:41
2018-09-24 12:24:24 [172.21.0.1][74][-][info][yii\db\Command::execute] INSERT INTO `system_log` (`staff_code`, `user_ip`, `description`, `user_name`, `time`) VALUES ('F1677929', '172.21.0.1', '登录', 'F1677929', '2018-09-24 12:24:24')
    in /usr/local/nginx/html/php_project/fjj_erp/modules/system/models/SystemLog.php:83
    in /usr/local/nginx/html/php_project/fjj_erp/controllers/LoginController.php:41
2018-09-24 12:24:22 [172.21.0.1][74][-][info][application] $_POST = [
    '_csrf' => 'LW80UlJuZzJkKn4fEyMKRXgFBGEYHCp7bx1gPCQHCncUCHIkBAMQVg=='
    'LoginForm' => [
        'username' => 'F1677929'
        'password' => 'F1677929'
        'verifyCode' => 'njyupu'
    ]
]

$_COOKIE = [
    '_csrf' => '6fceb5beb5b86803b28e73ed99fdde1425a41a477ee0b74b1599ca375794ca19a:2:{i:0;s:5:\"_csrf\";i:1;s:32:\"IEJMAMmwUj03JrMIBrTnvimE9gFvVmwd\";}'
    'PHPSESSID' => 'c9edf3af6bc68b088a9da4ecfdf0924b'
]

$_SESSION = [
    '__flash' => []
    '__captcha/login/captcha' => 'terajf'
    '__captcha/login/captchacount' => 1
    '__id' => 74
]

$_SERVER = [
    'USER' => 'nobody'
    'HOME' => '/'
    'FCGI_ROLE' => 'RESPONDER'
    'SCRIPT_FILENAME' => '/usr/local/nginx/html/php_project/fjj_erp/web/index.php'
    'PATH_INFO' => '/login/login'
    'QUERY_STRING' => ''
    'REQUEST_METHOD' => 'POST'
    'CONTENT_TYPE' => 'application/x-www-form-urlencoded'
    'CONTENT_LENGTH' => '165'
    'SCRIPT_NAME' => '/index.php'
    'REQUEST_URI' => '/login/login'
    'DOCUMENT_URI' => '/index.php/login/login'
    'DOCUMENT_ROOT' => '/usr/local/nginx/html/php_project/fjj_erp/web'
    'SERVER_PROTOCOL' => 'HTTP/1.1'
    'REQUEST_SCHEME' => 'http'
    'GATEWAY_INTERFACE' => 'CGI/1.1'
    'SERVER_SOFTWARE' => 'nginx/1.14.0'
    'REMOTE_ADDR' => '172.21.0.1'
    'REMOTE_PORT' => '36068'
    'SERVER_ADDR' => '172.21.0.4'
    'SERVER_PORT' => '80'
    'SERVER_NAME' => 'localhost'
    'REDIRECT_STATUS' => '200'
    'HTTP_HOST' => '127.0.0.1'
    'HTTP_CONNECTION' => 'keep-alive'
    'HTTP_CONTENT_LENGTH' => '165'
    'HTTP_PRAGMA' => 'no-cache'
    'HTTP_CACHE_CONTROL' => 'no-cache'
    'HTTP_ORIGIN' => 'http://127.0.0.1'
    'HTTP_UPGRADE_INSECURE_REQUESTS' => '1'
    'HTTP_CONTENT_TYPE' => 'application/x-www-form-urlencoded'
    'HTTP_USER_AGENT' => 'Mozilla/5.0 (X11; Linux x86_64) AppleWebKit/537.36 (KHTML, like Gecko) Chrome/69.0.3497.100 Safari/537.36'
    'HTTP_ACCEPT' => 'text/html,application/xhtml+xml,application/xml;q=0.9,image/webp,image/apng,*/*;q=0.8'
    'HTTP_REFERER' => 'http://127.0.0.1/login/login'
    'HTTP_ACCEPT_ENCODING' => 'gzip, deflate, br'
    'HTTP_ACCEPT_LANGUAGE' => 'en-US,en;q=0.9,zh-CN;q=0.8,zh;q=0.7'
    'HTTP_COOKIE' => '_csrf=6fceb5beb5b86803b28e73ed99fdde1425a41a477ee0b74b1599ca375794ca19a%3A2%3A%7Bi%3A0%3Bs%3A5%3A%22_csrf%22%3Bi%3A1%3Bs%3A32%3A%22IEJMAMmwUj03JrMIBrTnvimE9gFvVmwd%22%3B%7D; PHPSESSID=c9edf3af6bc68b088a9da4ecfdf0924b'
    'PHP_SELF' => '/index.php/login/login'
    'REQUEST_TIME_FLOAT' => 1537791862.397
    'REQUEST_TIME' => 1537791862
]
2018-09-24 12:24:24 [172.21.0.1][74][-][info][yii\web\Session::open] Session started
    in /usr/local/nginx/html/php_project/fjj_erp/controllers/BaseController.php:60
    in /usr/local/nginx/html/php_project/fjj_erp/controllers/IndexController.php:23
2018-09-24 12:24:24 [172.21.0.1][74][-][info][yii\db\Command::query] SELECT * FROM `user` WHERE (`user_id`=74) AND (`user_status`=10)
    in /usr/local/nginx/html/php_project/fjj_erp/models/User.php:130
    in /usr/local/nginx/html/php_project/fjj_erp/controllers/BaseController.php:60
    in /usr/local/nginx/html/php_project/fjj_erp/controllers/IndexController.php:23
2018-09-24 12:24:24 [172.21.0.1][74][-][info][yii\db\Connection::open] Opening DB connection: mysql:host=mysqld;dbname=erp
    in /usr/local/nginx/html/php_project/fjj_erp/models/User.php:130
    in /usr/local/nginx/html/php_project/fjj_erp/controllers/BaseController.php:60
    in /usr/local/nginx/html/php_project/fjj_erp/controllers/IndexController.php:23
2018-09-24 12:24:24 [172.21.0.1][74][-][info][yii\db\Command::query] SHOW FULL COLUMNS FROM `user`
    in /usr/local/nginx/html/php_project/fjj_erp/models/User.php:130
    in /usr/local/nginx/html/php_project/fjj_erp/controllers/BaseController.php:60
    in /usr/local/nginx/html/php_project/fjj_erp/controllers/IndexController.php:23
2018-09-24 12:24:24 [172.21.0.1][74][-][info][yii\db\Command::query] SELECT
    kcu.constraint_name,
    kcu.column_name,
    kcu.referenced_table_name,
    kcu.referenced_column_name
FROM information_schema.referential_constraints AS rc
JOIN information_schema.key_column_usage AS kcu ON
    (
        kcu.constraint_catalog = rc.constraint_catalog OR
        (kcu.constraint_catalog IS NULL AND rc.constraint_catalog IS NULL)
    ) AND
    kcu.constraint_schema = rc.constraint_schema AND
    kcu.constraint_name = rc.constraint_name
WHERE rc.constraint_schema = database() AND kcu.table_schema = database()
AND rc.table_name = 'user' AND kcu.table_name = 'user'
    in /usr/local/nginx/html/php_project/fjj_erp/models/User.php:130
    in /usr/local/nginx/html/php_project/fjj_erp/controllers/BaseController.php:60
    in /usr/local/nginx/html/php_project/fjj_erp/controllers/IndexController.php:23
2018-09-24 12:24:24 [172.21.0.1][74][-][info][yii\db\Command::query] SELECT * FROM `auth_title`
    in /usr/local/nginx/html/php_project/fjj_erp/controllers/IndexController.php:217
    in /usr/local/nginx/html/php_project/fjj_erp/controllers/IndexController.php:33
2018-09-24 12:24:24 [172.21.0.1][74][-][info][yii\db\Command::query] SELECT * FROM `auth_title`
    in /usr/local/nginx/html/php_project/fjj_erp/controllers/IndexController.php:217
    in /usr/local/nginx/html/php_project/fjj_erp/controllers/IndexController.php:269
    in /usr/local/nginx/html/php_project/fjj_erp/controllers/IndexController.php:34
2018-09-24 12:24:24 [172.21.0.1][74][-][info][yii\db\Command::query] SELECT * FROM `hr_staff` WHERE `staff_id`=1435
    in /usr/local/nginx/html/php_project/fjj_erp/controllers/IndexController.php:311
    in /usr/local/nginx/html/php_project/fjj_erp/controllers/IndexController.php:197
    in /usr/local/nginx/html/php_project/fjj_erp/controllers/IndexController.php:36
2018-09-24 12:24:24 [172.21.0.1][74][-][info][yii\db\Command::query] SHOW FULL COLUMNS FROM `hr_staff`
    in /usr/local/nginx/html/php_project/fjj_erp/controllers/IndexController.php:311
    in /usr/local/nginx/html/php_project/fjj_erp/controllers/IndexController.php:197
    in /usr/local/nginx/html/php_project/fjj_erp/controllers/IndexController.php:36
2018-09-24 12:24:24 [172.21.0.1][74][-][info][yii\db\Command::query] SELECT
    kcu.constraint_name,
    kcu.column_name,
    kcu.referenced_table_name,
    kcu.referenced_column_name
FROM information_schema.referential_constraints AS rc
JOIN information_schema.key_column_usage AS kcu ON
    (
        kcu.constraint_catalog = rc.constraint_catalog OR
        (kcu.constraint_catalog IS NULL AND rc.constraint_catalog IS NULL)
    ) AND
    kcu.constraint_schema = rc.constraint_schema AND
    kcu.constraint_name = rc.constraint_name
WHERE rc.constraint_schema = database() AND kcu.table_schema = database()
AND rc.table_name = 'hr_staff' AND kcu.table_name = 'hr_staff'
    in /usr/local/nginx/html/php_project/fjj_erp/controllers/IndexController.php:311
    in /usr/local/nginx/html/php_project/fjj_erp/controllers/IndexController.php:197
    in /usr/local/nginx/html/php_project/fjj_erp/controllers/IndexController.php:36
2018-09-24 12:24:24 [172.21.0.1][74][-][info][application] $_COOKIE = [
    '_csrf' => '6fceb5beb5b86803b28e73ed99fdde1425a41a477ee0b74b1599ca375794ca19a:2:{i:0;s:5:\"_csrf\";i:1;s:32:\"IEJMAMmwUj03JrMIBrTnvimE9gFvVmwd\";}'
    'PHPSESSID' => '686d3727b1c4553f5ea6f4cc53775248'
]

$_SESSION = [
    '__flash' => []
    '__captcha/login/captcha' => 'terajf'
    '__captcha/login/captchacount' => 1
    '__id' => 74
]

$_SERVER = [
    'USER' => 'nobody'
    'HOME' => '/'
    'FCGI_ROLE' => 'RESPONDER'
    'SCRIPT_FILENAME' => '/usr/local/nginx/html/php_project/fjj_erp/web/index.php'
    'PATH_INFO' => '/index/index'
    'QUERY_STRING' => ''
    'REQUEST_METHOD' => 'GET'
    'CONTENT_TYPE' => ''
    'CONTENT_LENGTH' => ''
    'SCRIPT_NAME' => '/index.php'
    'REQUEST_URI' => '/index/index'
    'DOCUMENT_URI' => '/index.php/index/index'
    'DOCUMENT_ROOT' => '/usr/local/nginx/html/php_project/fjj_erp/web'
    'SERVER_PROTOCOL' => 'HTTP/1.1'
    'REQUEST_SCHEME' => 'http'
    'GATEWAY_INTERFACE' => 'CGI/1.1'
    'SERVER_SOFTWARE' => 'nginx/1.14.0'
    'REMOTE_ADDR' => '172.21.0.1'
    'REMOTE_PORT' => '36068'
    'SERVER_ADDR' => '172.21.0.4'
    'SERVER_PORT' => '80'
    'SERVER_NAME' => 'localhost'
    'REDIRECT_STATUS' => '200'
    'HTTP_HOST' => '127.0.0.1'
    'HTTP_CONNECTION' => 'keep-alive'
    'HTTP_PRAGMA' => 'no-cache'
    'HTTP_CACHE_CONTROL' => 'no-cache'
    'HTTP_UPGRADE_INSECURE_REQUESTS' => '1'
    'HTTP_USER_AGENT' => 'Mozilla/5.0 (X11; Linux x86_64) AppleWebKit/537.36 (KHTML, like Gecko) Chrome/69.0.3497.100 Safari/537.36'
    'HTTP_ACCEPT' => 'text/html,application/xhtml+xml,application/xml;q=0.9,image/webp,image/apng,*/*;q=0.8'
    'HTTP_REFERER' => 'http://127.0.0.1/login/login'
    'HTTP_ACCEPT_ENCODING' => 'gzip, deflate, br'
    'HTTP_ACCEPT_LANGUAGE' => 'en-US,en;q=0.9,zh-CN;q=0.8,zh;q=0.7'
    'HTTP_COOKIE' => '_csrf=6fceb5beb5b86803b28e73ed99fdde1425a41a477ee0b74b1599ca375794ca19a%3A2%3A%7Bi%3A0%3Bs%3A5%3A%22_csrf%22%3Bi%3A1%3Bs%3A32%3A%22IEJMAMmwUj03JrMIBrTnvimE9gFvVmwd%22%3B%7D; PHPSESSID=686d3727b1c4553f5ea6f4cc53775248'
    'PHP_SELF' => '/index.php/index/index'
    'REQUEST_TIME_FLOAT' => 1537791864.2266
    'REQUEST_TIME' => 1537791864
]
2018-09-24 12:24:25 [172.21.0.1][74][-][info][yii\web\Session::open] Session started
    in /usr/local/nginx/html/php_project/fjj_erp/modules/crm/controllers/CrmPlanManageController.php:149
2018-09-24 12:24:25 [172.21.0.1][74][-][info][yii\db\Command::query] SELECT * FROM `user` WHERE (`user_id`=74) AND (`user_status`=10)
    in /usr/local/nginx/html/php_project/fjj_erp/models/User.php:130
    in /usr/local/nginx/html/php_project/fjj_erp/modules/crm/controllers/CrmPlanManageController.php:149
2018-09-24 12:24:25 [172.21.0.1][74][-][info][yii\db\Connection::open] Opening DB connection: mysql:host=mysqld;dbname=erp
    in /usr/local/nginx/html/php_project/fjj_erp/models/User.php:130
    in /usr/local/nginx/html/php_project/fjj_erp/modules/crm/controllers/CrmPlanManageController.php:149
2018-09-24 12:24:25 [172.21.0.1][74][-][info][yii\db\Command::query] SHOW FULL COLUMNS FROM `user`
    in /usr/local/nginx/html/php_project/fjj_erp/models/User.php:130
    in /usr/local/nginx/html/php_project/fjj_erp/modules/crm/controllers/CrmPlanManageController.php:149
2018-09-24 12:24:25 [172.21.0.1][74][-][info][yii\db\Command::query] SELECT
    kcu.constraint_name,
    kcu.column_name,
    kcu.referenced_table_name,
    kcu.referenced_column_name
FROM information_schema.referential_constraints AS rc
JOIN information_schema.key_column_usage AS kcu ON
    (
        kcu.constraint_catalog = rc.constraint_catalog OR
        (kcu.constraint_catalog IS NULL AND rc.constraint_catalog IS NULL)
    ) AND
    kcu.constraint_schema = rc.constraint_schema AND
    kcu.constraint_name = rc.constraint_name
WHERE rc.constraint_schema = database() AND kcu.table_schema = database()
AND rc.table_name = 'user' AND kcu.table_name = 'user'
    in /usr/local/nginx/html/php_project/fjj_erp/models/User.php:130
    in /usr/local/nginx/html/php_project/fjj_erp/modules/crm/controllers/CrmPlanManageController.php:149
2018-09-24 12:24:25 [172.21.0.1][74][-][info][application] $_GET = [
    'staffCode' => 'F1677929'
    'start' => '2018-08-27'
    'end' => '2018-10-08'
    '_' => '1537791864682'
]

$_COOKIE = [
    '_csrf' => '6fceb5beb5b86803b28e73ed99fdde1425a41a477ee0b74b1599ca375794ca19a:2:{i:0;s:5:\"_csrf\";i:1;s:32:\"IEJMAMmwUj03JrMIBrTnvimE9gFvVmwd\";}'
    'PHPSESSID' => '686d3727b1c4553f5ea6f4cc53775248'
]

$_SESSION = [
    '__flash' => []
    '__captcha/login/captcha' => 'terajf'
    '__captcha/login/captchacount' => 1
    '__id' => 74
]

$_SERVER = [
    'USER' => 'nobody'
    'HOME' => '/'
    'FCGI_ROLE' => 'RESPONDER'
    'SCRIPT_FILENAME' => '/usr/local/nginx/html/php_project/fjj_erp/web/index.php'
    'PATH_INFO' => '/crm/crm-plan-manage/plan-count'
    'QUERY_STRING' => 'staffCode=F1677929&start=2018-08-27&end=2018-10-08&_=1537791864682'
    'REQUEST_METHOD' => 'GET'
    'CONTENT_TYPE' => ''
    'CONTENT_LENGTH' => ''
    'SCRIPT_NAME' => '/index.php'
    'REQUEST_URI' => '/crm/crm-plan-manage/plan-count?staffCode=F1677929&start=2018-08-27&end=2018-10-08&_=1537791864682'
    'DOCUMENT_URI' => '/index.php/crm/crm-plan-manage/plan-count'
    'DOCUMENT_ROOT' => '/usr/local/nginx/html/php_project/fjj_erp/web'
    'SERVER_PROTOCOL' => 'HTTP/1.1'
    'REQUEST_SCHEME' => 'http'
    'GATEWAY_INTERFACE' => 'CGI/1.1'
    'SERVER_SOFTWARE' => 'nginx/1.14.0'
    'REMOTE_ADDR' => '172.21.0.1'
    'REMOTE_PORT' => '36062'
    'SERVER_ADDR' => '172.21.0.4'
    'SERVER_PORT' => '80'
    'SERVER_NAME' => 'localhost'
    'REDIRECT_STATUS' => '200'
    'HTTP_HOST' => '127.0.0.1'
    'HTTP_CONNECTION' => 'keep-alive'
    'HTTP_PRAGMA' => 'no-cache'
    'HTTP_CACHE_CONTROL' => 'no-cache'
    'HTTP_ACCEPT' => 'application/json, text/javascript, */*; q=0.01'
    'HTTP_X_REQUESTED_WITH' => 'XMLHttpRequest'
    'HTTP_USER_AGENT' => 'Mozilla/5.0 (X11; Linux x86_64) AppleWebKit/537.36 (KHTML, like Gecko) Chrome/69.0.3497.100 Safari/537.36'
    'HTTP_REFERER' => 'http://127.0.0.1/index/index'
    'HTTP_ACCEPT_ENCODING' => 'gzip, deflate, br'
    'HTTP_ACCEPT_LANGUAGE' => 'en-US,en;q=0.9,zh-CN;q=0.8,zh;q=0.7'
    'HTTP_COOKIE' => '_csrf=6fceb5beb5b86803b28e73ed99fdde1425a41a477ee0b74b1599ca375794ca19a%3A2%3A%7Bi%3A0%3Bs%3A5%3A%22_csrf%22%3Bi%3A1%3Bs%3A32%3A%22IEJMAMmwUj03JrMIBrTnvimE9gFvVmwd%22%3B%7D; PHPSESSID=686d3727b1c4553f5ea6f4cc53775248'
    'PHP_SELF' => '/index.php/crm/crm-plan-manage/plan-count'
    'REQUEST_TIME_FLOAT' => 1537791865.7254
    'REQUEST_TIME' => 1537791865
]
2018-09-24 12:24:59 [172.21.0.1][74][-][info][yii\web\Session::open] Session started
    in /usr/local/nginx/html/php_project/fjj_erp/controllers/BaseController.php:60
2018-09-24 12:24:59 [172.21.0.1][74][-][info][yii\db\Command::query] SELECT * FROM `user` WHERE (`user_id`=74) AND (`user_status`=10)
    in /usr/local/nginx/html/php_project/fjj_erp/models/User.php:130
    in /usr/local/nginx/html/php_project/fjj_erp/controllers/BaseController.php:60
2018-09-24 12:24:59 [172.21.0.1][74][-][info][yii\db\Connection::open] Opening DB connection: mysql:host=mysqld;dbname=erp
    in /usr/local/nginx/html/php_project/fjj_erp/models/User.php:130
    in /usr/local/nginx/html/php_project/fjj_erp/controllers/BaseController.php:60
2018-09-24 12:24:59 [172.21.0.1][74][-][info][yii\db\Command::query] SHOW FULL COLUMNS FROM `user`
    in /usr/local/nginx/html/php_project/fjj_erp/models/User.php:130
    in /usr/local/nginx/html/php_project/fjj_erp/controllers/BaseController.php:60
2018-09-24 12:24:59 [172.21.0.1][74][-][info][yii\db\Command::query] SELECT
    kcu.constraint_name,
    kcu.column_name,
    kcu.referenced_table_name,
    kcu.referenced_column_name
FROM information_schema.referential_constraints AS rc
JOIN information_schema.key_column_usage AS kcu ON
    (
        kcu.constraint_catalog = rc.constraint_catalog OR
        (kcu.constraint_catalog IS NULL AND rc.constraint_catalog IS NULL)
    ) AND
    kcu.constraint_schema = rc.constraint_schema AND
    kcu.constraint_name = rc.constraint_name
WHERE rc.constraint_schema = database() AND kcu.table_schema = database()
AND rc.table_name = 'user' AND kcu.table_name = 'user'
    in /usr/local/nginx/html/php_project/fjj_erp/models/User.php:130
    in /usr/local/nginx/html/php_project/fjj_erp/controllers/BaseController.php:60
2018-09-24 12:24:59 [172.21.0.1][74][-][info][yii\db\Command::query] SELECT * FROM `hr_staff` WHERE `staff_id`=1435
    in /usr/local/nginx/html/php_project/fjj_erp/views/layouts/main.php:38
    in /usr/local/nginx/html/php_project/fjj_erp/modules/ptdt/controllers/ProductDvlpController.php:54
2018-09-24 12:24:59 [172.21.0.1][74][-][info][yii\db\Command::query] SHOW FULL COLUMNS FROM `hr_staff`
    in /usr/local/nginx/html/php_project/fjj_erp/views/layouts/main.php:38
    in /usr/local/nginx/html/php_project/fjj_erp/modules/ptdt/controllers/ProductDvlpController.php:54
2018-09-24 12:24:59 [172.21.0.1][74][-][info][yii\db\Command::query] SELECT
    kcu.constraint_name,
    kcu.column_name,
    kcu.referenced_table_name,
    kcu.referenced_column_name
FROM information_schema.referential_constraints AS rc
JOIN information_schema.key_column_usage AS kcu ON
    (
        kcu.constraint_catalog = rc.constraint_catalog OR
        (kcu.constraint_catalog IS NULL AND rc.constraint_catalog IS NULL)
    ) AND
    kcu.constraint_schema = rc.constraint_schema AND
    kcu.constraint_name = rc.constraint_name
WHERE rc.constraint_schema = database() AND kcu.table_schema = database()
AND rc.table_name = 'hr_staff' AND kcu.table_name = 'hr_staff'
    in /usr/local/nginx/html/php_project/fjj_erp/views/layouts/main.php:38
    in /usr/local/nginx/html/php_project/fjj_erp/modules/ptdt/controllers/ProductDvlpController.php:54
2018-09-24 12:24:59 [172.21.0.1][74][-][info][application] $_COOKIE = [
    '_csrf' => '6fceb5beb5b86803b28e73ed99fdde1425a41a477ee0b74b1599ca375794ca19a:2:{i:0;s:5:\"_csrf\";i:1;s:32:\"IEJMAMmwUj03JrMIBrTnvimE9gFvVmwd\";}'
    'PHPSESSID' => '686d3727b1c4553f5ea6f4cc53775248'
]

$_SESSION = [
    '__flash' => []
    '__captcha/login/captcha' => 'terajf'
    '__captcha/login/captchacount' => 1
    '__id' => 74
]

$_SERVER = [
    'USER' => 'nobody'
    'HOME' => '/'
    'FCGI_ROLE' => 'RESPONDER'
    'SCRIPT_FILENAME' => '/usr/local/nginx/html/php_project/fjj_erp/web/index.php'
    'PATH_INFO' => '/ptdt/product-dvlp/index'
    'QUERY_STRING' => ''
    'REQUEST_METHOD' => 'GET'
    'CONTENT_TYPE' => ''
    'CONTENT_LENGTH' => ''
    'SCRIPT_NAME' => '/index.php'
    'REQUEST_URI' => '/ptdt/product-dvlp/index'
    'DOCUMENT_URI' => '/index.php/ptdt/product-dvlp/index'
    'DOCUMENT_ROOT' => '/usr/local/nginx/html/php_project/fjj_erp/web'
    'SERVER_PROTOCOL' => 'HTTP/1.1'
    'REQUEST_SCHEME' => 'http'
    'GATEWAY_INTERFACE' => 'CGI/1.1'
    'SERVER_SOFTWARE' => 'nginx/1.14.0'
    'REMOTE_ADDR' => '172.21.0.1'
    'REMOTE_PORT' => '36062'
    'SERVER_ADDR' => '172.21.0.4'
    'SERVER_PORT' => '80'
    'SERVER_NAME' => 'localhost'
    'REDIRECT_STATUS' => '200'
    'HTTP_HOST' => '127.0.0.1'
    'HTTP_CONNECTION' => 'keep-alive'
    'HTTP_PRAGMA' => 'no-cache'
    'HTTP_CACHE_CONTROL' => 'no-cache'
    'HTTP_UPGRADE_INSECURE_REQUESTS' => '1'
    'HTTP_USER_AGENT' => 'Mozilla/5.0 (X11; Linux x86_64) AppleWebKit/537.36 (KHTML, like Gecko) Chrome/69.0.3497.100 Safari/537.36'
    'HTTP_ACCEPT' => 'text/html,application/xhtml+xml,application/xml;q=0.9,image/webp,image/apng,*/*;q=0.8'
    'HTTP_REFERER' => 'http://127.0.0.1/index/index'
    'HTTP_ACCEPT_ENCODING' => 'gzip, deflate, br'
    'HTTP_ACCEPT_LANGUAGE' => 'en-US,en;q=0.9,zh-CN;q=0.8,zh;q=0.7'
    'HTTP_COOKIE' => '_csrf=6fceb5beb5b86803b28e73ed99fdde1425a41a477ee0b74b1599ca375794ca19a%3A2%3A%7Bi%3A0%3Bs%3A5%3A%22_csrf%22%3Bi%3A1%3Bs%3A32%3A%22IEJMAMmwUj03JrMIBrTnvimE9gFvVmwd%22%3B%7D; PHPSESSID=686d3727b1c4553f5ea6f4cc53775248'
    'PHP_SELF' => '/index.php/ptdt/product-dvlp/index'
    'REQUEST_TIME_FLOAT' => 1537791899.5212
    'REQUEST_TIME' => 1537791899
]
2018-09-24 12:25:00 [172.21.0.1][74][-][info][yii\web\Session::open] Session started
    in /usr/local/nginx/html/php_project/fjj_erp/controllers/BaseController.php:60
2018-09-24 12:25:00 [172.21.0.1][74][-][info][yii\db\Command::query] SELECT * FROM `user` WHERE (`user_id`=74) AND (`user_status`=10)
    in /usr/local/nginx/html/php_project/fjj_erp/models/User.php:130
    in /usr/local/nginx/html/php_project/fjj_erp/controllers/BaseController.php:60
2018-09-24 12:25:00 [172.21.0.1][74][-][info][yii\db\Connection::open] Opening DB connection: mysql:host=mysqld;dbname=erp
    in /usr/local/nginx/html/php_project/fjj_erp/models/User.php:130
    in /usr/local/nginx/html/php_project/fjj_erp/controllers/BaseController.php:60
2018-09-24 12:25:00 [172.21.0.1][74][-][info][yii\db\Command::query] SHOW FULL COLUMNS FROM `user`
    in /usr/local/nginx/html/php_project/fjj_erp/models/User.php:130
    in /usr/local/nginx/html/php_project/fjj_erp/controllers/BaseController.php:60
2018-09-24 12:25:00 [172.21.0.1][74][-][info][yii\db\Command::query] SELECT
    kcu.constraint_name,
    kcu.column_name,
    kcu.referenced_table_name,
    kcu.referenced_column_name
FROM information_schema.referential_constraints AS rc
JOIN information_schema.key_column_usage AS kcu ON
    (
        kcu.constraint_catalog = rc.constraint_catalog OR
        (kcu.constraint_catalog IS NULL AND rc.constraint_catalog IS NULL)
    ) AND
    kcu.constraint_schema = rc.constraint_schema AND
    kcu.constraint_name = rc.constraint_name
WHERE rc.constraint_schema = database() AND kcu.table_schema = database()
AND rc.table_name = 'user' AND kcu.table_name = 'user'
    in /usr/local/nginx/html/php_project/fjj_erp/models/User.php:130
    in /usr/local/nginx/html/php_project/fjj_erp/controllers/BaseController.php:60
2018-09-24 12:25:00 [172.21.0.1][74][-][info][application] $_GET = [
    'page' => '1'
    'rows' => '10'
]

$_COOKIE = [
    '_csrf' => '6fceb5beb5b86803b28e73ed99fdde1425a41a477ee0b74b1599ca375794ca19a:2:{i:0;s:5:\"_csrf\";i:1;s:32:\"IEJMAMmwUj03JrMIBrTnvimE9gFvVmwd\";}'
    'PHPSESSID' => '686d3727b1c4553f5ea6f4cc53775248'
]

$_SESSION = [
    '__flash' => []
    '__captcha/login/captcha' => 'terajf'
    '__captcha/login/captchacount' => 1
    '__id' => 74
]

$_SERVER = [
    'USER' => 'nobody'
    'HOME' => '/'
    'FCGI_ROLE' => 'RESPONDER'
    'SCRIPT_FILENAME' => '/usr/local/nginx/html/php_project/fjj_erp/web/index.php'
    'PATH_INFO' => '/ptdt/product-dvlp/index'
    'QUERY_STRING' => 'page=1&rows=10'
    'REQUEST_METHOD' => 'GET'
    'CONTENT_TYPE' => ''
    'CONTENT_LENGTH' => ''
    'SCRIPT_NAME' => '/index.php'
    'REQUEST_URI' => '/ptdt/product-dvlp/index?page=1&rows=10'
    'DOCUMENT_URI' => '/index.php/ptdt/product-dvlp/index'
    'DOCUMENT_ROOT' => '/usr/local/nginx/html/php_project/fjj_erp/web'
    'SERVER_PROTOCOL' => 'HTTP/1.1'
    'REQUEST_SCHEME' => 'http'
    'GATEWAY_INTERFACE' => 'CGI/1.1'
    'SERVER_SOFTWARE' => 'nginx/1.14.0'
    'REMOTE_ADDR' => '172.21.0.1'
    'REMOTE_PORT' => '36070'
    'SERVER_ADDR' => '172.21.0.4'
    'SERVER_PORT' => '80'
    'SERVER_NAME' => 'localhost'
    'REDIRECT_STATUS' => '200'
    'HTTP_HOST' => '127.0.0.1'
    'HTTP_CONNECTION' => 'keep-alive'
    'HTTP_PRAGMA' => 'no-cache'
    'HTTP_CACHE_CONTROL' => 'no-cache'
    'HTTP_ACCEPT' => 'application/json, text/javascript, */*; q=0.01'
    'HTTP_X_REQUESTED_WITH' => 'XMLHttpRequest'
    'HTTP_USER_AGENT' => 'Mozilla/5.0 (X11; Linux x86_64) AppleWebKit/537.36 (KHTML, like Gecko) Chrome/69.0.3497.100 Safari/537.36'
    'HTTP_REFERER' => 'http://127.0.0.1/ptdt/product-dvlp/index'
    'HTTP_ACCEPT_ENCODING' => 'gzip, deflate, br'
    'HTTP_ACCEPT_LANGUAGE' => 'en-US,en;q=0.9,zh-CN;q=0.8,zh;q=0.7'
    'HTTP_COOKIE' => '_csrf=6fceb5beb5b86803b28e73ed99fdde1425a41a477ee0b74b1599ca375794ca19a%3A2%3A%7Bi%3A0%3Bs%3A5%3A%22_csrf%22%3Bi%3A1%3Bs%3A32%3A%22IEJMAMmwUj03JrMIBrTnvimE9gFvVmwd%22%3B%7D; PHPSESSID=686d3727b1c4553f5ea6f4cc53775248'
    'PHP_SELF' => '/index.php/ptdt/product-dvlp/index'
    'REQUEST_TIME_FLOAT' => 1537791900.5816
    'REQUEST_TIME' => 1537791900
]
2018-09-24 12:25:04 [172.21.0.1][74][-][info][yii\web\Session::open] Session started
    in /usr/local/nginx/html/php_project/fjj_erp/controllers/BaseController.php:60
    in /usr/local/nginx/html/php_project/fjj_erp/controllers/IndexController.php:23
2018-09-24 12:25:04 [172.21.0.1][74][-][info][yii\db\Command::query] SELECT * FROM `user` WHERE (`user_id`=74) AND (`user_status`=10)
    in /usr/local/nginx/html/php_project/fjj_erp/models/User.php:130
    in /usr/local/nginx/html/php_project/fjj_erp/controllers/BaseController.php:60
    in /usr/local/nginx/html/php_project/fjj_erp/controllers/IndexController.php:23
2018-09-24 12:25:04 [172.21.0.1][74][-][info][yii\db\Connection::open] Opening DB connection: mysql:host=mysqld;dbname=erp
    in /usr/local/nginx/html/php_project/fjj_erp/models/User.php:130
    in /usr/local/nginx/html/php_project/fjj_erp/controllers/BaseController.php:60
    in /usr/local/nginx/html/php_project/fjj_erp/controllers/IndexController.php:23
2018-09-24 12:25:04 [172.21.0.1][74][-][info][yii\db\Command::query] SHOW FULL COLUMNS FROM `user`
    in /usr/local/nginx/html/php_project/fjj_erp/models/User.php:130
    in /usr/local/nginx/html/php_project/fjj_erp/controllers/BaseController.php:60
    in /usr/local/nginx/html/php_project/fjj_erp/controllers/IndexController.php:23
2018-09-24 12:25:04 [172.21.0.1][74][-][info][yii\db\Command::query] SELECT
    kcu.constraint_name,
    kcu.column_name,
    kcu.referenced_table_name,
    kcu.referenced_column_name
FROM information_schema.referential_constraints AS rc
JOIN information_schema.key_column_usage AS kcu ON
    (
        kcu.constraint_catalog = rc.constraint_catalog OR
        (kcu.constraint_catalog IS NULL AND rc.constraint_catalog IS NULL)
    ) AND
    kcu.constraint_schema = rc.constraint_schema AND
    kcu.constraint_name = rc.constraint_name
WHERE rc.constraint_schema = database() AND kcu.table_schema = database()
AND rc.table_name = 'user' AND kcu.table_name = 'user'
    in /usr/local/nginx/html/php_project/fjj_erp/models/User.php:130
    in /usr/local/nginx/html/php_project/fjj_erp/controllers/BaseController.php:60
    in /usr/local/nginx/html/php_project/fjj_erp/controllers/IndexController.php:23
2018-09-24 12:25:04 [172.21.0.1][74][-][info][yii\db\Command::query] SELECT * FROM `auth_title`
    in /usr/local/nginx/html/php_project/fjj_erp/controllers/IndexController.php:217
    in /usr/local/nginx/html/php_project/fjj_erp/controllers/IndexController.php:33
2018-09-24 12:25:04 [172.21.0.1][74][-][info][yii\db\Command::query] SELECT * FROM `auth_title`
    in /usr/local/nginx/html/php_project/fjj_erp/controllers/IndexController.php:217
    in /usr/local/nginx/html/php_project/fjj_erp/controllers/IndexController.php:269
    in /usr/local/nginx/html/php_project/fjj_erp/controllers/IndexController.php:34
2018-09-24 12:25:04 [172.21.0.1][74][-][info][yii\db\Command::query] SELECT * FROM `hr_staff` WHERE `staff_id`=1435
    in /usr/local/nginx/html/php_project/fjj_erp/controllers/IndexController.php:311
    in /usr/local/nginx/html/php_project/fjj_erp/controllers/IndexController.php:197
    in /usr/local/nginx/html/php_project/fjj_erp/controllers/IndexController.php:36
2018-09-24 12:25:04 [172.21.0.1][74][-][info][yii\db\Command::query] SHOW FULL COLUMNS FROM `hr_staff`
    in /usr/local/nginx/html/php_project/fjj_erp/controllers/IndexController.php:311
    in /usr/local/nginx/html/php_project/fjj_erp/controllers/IndexController.php:197
    in /usr/local/nginx/html/php_project/fjj_erp/controllers/IndexController.php:36
2018-09-24 12:25:04 [172.21.0.1][74][-][info][yii\db\Command::query] SELECT
    kcu.constraint_name,
    kcu.column_name,
    kcu.referenced_table_name,
    kcu.referenced_column_name
FROM information_schema.referential_constraints AS rc
JOIN information_schema.key_column_usage AS kcu ON
    (
        kcu.constraint_catalog = rc.constraint_catalog OR
        (kcu.constraint_catalog IS NULL AND rc.constraint_catalog IS NULL)
    ) AND
    kcu.constraint_schema = rc.constraint_schema AND
    kcu.constraint_name = rc.constraint_name
WHERE rc.constraint_schema = database() AND kcu.table_schema = database()
AND rc.table_name = 'hr_staff' AND kcu.table_name = 'hr_staff'
    in /usr/local/nginx/html/php_project/fjj_erp/controllers/IndexController.php:311
    in /usr/local/nginx/html/php_project/fjj_erp/controllers/IndexController.php:197
    in /usr/local/nginx/html/php_project/fjj_erp/controllers/IndexController.php:36
2018-09-24 12:25:04 [172.21.0.1][74][-][info][application] $_COOKIE = [
    '_csrf' => '6fceb5beb5b86803b28e73ed99fdde1425a41a477ee0b74b1599ca375794ca19a:2:{i:0;s:5:\"_csrf\";i:1;s:32:\"IEJMAMmwUj03JrMIBrTnvimE9gFvVmwd\";}'
    'PHPSESSID' => '686d3727b1c4553f5ea6f4cc53775248'
]

$_SESSION = [
    '__flash' => []
    '__captcha/login/captcha' => 'terajf'
    '__captcha/login/captchacount' => 1
    '__id' => 74
]

$_SERVER = [
    'USER' => 'nobody'
    'HOME' => '/'
    'FCGI_ROLE' => 'RESPONDER'
    'SCRIPT_FILENAME' => '/usr/local/nginx/html/php_project/fjj_erp/web/index.php'
    'PATH_INFO' => '/index/index'
    'QUERY_STRING' => ''
    'REQUEST_METHOD' => 'GET'
    'CONTENT_TYPE' => ''
    'CONTENT_LENGTH' => ''
    'SCRIPT_NAME' => '/index.php'
    'REQUEST_URI' => '/index/index'
    'DOCUMENT_URI' => '/index.php/index/index'
    'DOCUMENT_ROOT' => '/usr/local/nginx/html/php_project/fjj_erp/web'
    'SERVER_PROTOCOL' => 'HTTP/1.1'
    'REQUEST_SCHEME' => 'http'
    'GATEWAY_INTERFACE' => 'CGI/1.1'
    'SERVER_SOFTWARE' => 'nginx/1.14.0'
    'REMOTE_ADDR' => '172.21.0.1'
    'REMOTE_PORT' => '36070'
    'SERVER_ADDR' => '172.21.0.4'
    'SERVER_PORT' => '80'
    'SERVER_NAME' => 'localhost'
    'REDIRECT_STATUS' => '200'
    'HTTP_HOST' => '127.0.0.1'
    'HTTP_CONNECTION' => 'keep-alive'
    'HTTP_PRAGMA' => 'no-cache'
    'HTTP_CACHE_CONTROL' => 'no-cache'
    'HTTP_UPGRADE_INSECURE_REQUESTS' => '1'
    'HTTP_USER_AGENT' => 'Mozilla/5.0 (X11; Linux x86_64) AppleWebKit/537.36 (KHTML, like Gecko) Chrome/69.0.3497.100 Safari/537.36'
    'HTTP_ACCEPT' => 'text/html,application/xhtml+xml,application/xml;q=0.9,image/webp,image/apng,*/*;q=0.8'
    'HTTP_REFERER' => 'http://127.0.0.1/login/login'
    'HTTP_ACCEPT_ENCODING' => 'gzip, deflate, br'
    'HTTP_ACCEPT_LANGUAGE' => 'en-US,en;q=0.9,zh-CN;q=0.8,zh;q=0.7'
    'HTTP_COOKIE' => '_csrf=6fceb5beb5b86803b28e73ed99fdde1425a41a477ee0b74b1599ca375794ca19a%3A2%3A%7Bi%3A0%3Bs%3A5%3A%22_csrf%22%3Bi%3A1%3Bs%3A32%3A%22IEJMAMmwUj03JrMIBrTnvimE9gFvVmwd%22%3B%7D; PHPSESSID=686d3727b1c4553f5ea6f4cc53775248'
    'PHP_SELF' => '/index.php/index/index'
    'REQUEST_TIME_FLOAT' => 1537791904.0341
    'REQUEST_TIME' => 1537791904
]
2018-09-24 12:25:05 [172.21.0.1][74][-][info][yii\web\Session::open] Session started
    in /usr/local/nginx/html/php_project/fjj_erp/modules/crm/controllers/CrmPlanManageController.php:149
2018-09-24 12:25:05 [172.21.0.1][74][-][info][yii\db\Command::query] SELECT * FROM `user` WHERE (`user_id`=74) AND (`user_status`=10)
    in /usr/local/nginx/html/php_project/fjj_erp/models/User.php:130
    in /usr/local/nginx/html/php_project/fjj_erp/modules/crm/controllers/CrmPlanManageController.php:149
2018-09-24 12:25:05 [172.21.0.1][74][-][info][yii\db\Connection::open] Opening DB connection: mysql:host=mysqld;dbname=erp
    in /usr/local/nginx/html/php_project/fjj_erp/models/User.php:130
    in /usr/local/nginx/html/php_project/fjj_erp/modules/crm/controllers/CrmPlanManageController.php:149
2018-09-24 12:25:05 [172.21.0.1][74][-][info][yii\db\Command::query] SHOW FULL COLUMNS FROM `user`
    in /usr/local/nginx/html/php_project/fjj_erp/models/User.php:130
    in /usr/local/nginx/html/php_project/fjj_erp/modules/crm/controllers/CrmPlanManageController.php:149
2018-09-24 12:25:05 [172.21.0.1][74][-][info][yii\db\Command::query] SELECT
    kcu.constraint_name,
    kcu.column_name,
    kcu.referenced_table_name,
    kcu.referenced_column_name
FROM information_schema.referential_constraints AS rc
JOIN information_schema.key_column_usage AS kcu ON
    (
        kcu.constraint_catalog = rc.constraint_catalog OR
        (kcu.constraint_catalog IS NULL AND rc.constraint_catalog IS NULL)
    ) AND
    kcu.constraint_schema = rc.constraint_schema AND
    kcu.constraint_name = rc.constraint_name
WHERE rc.constraint_schema = database() AND kcu.table_schema = database()
AND rc.table_name = 'user' AND kcu.table_name = 'user'
    in /usr/local/nginx/html/php_project/fjj_erp/models/User.php:130
    in /usr/local/nginx/html/php_project/fjj_erp/modules/crm/controllers/CrmPlanManageController.php:149
2018-09-24 12:25:05 [172.21.0.1][74][-][info][application] $_GET = [
    'staffCode' => 'F1677929'
    'start' => '2018-08-27'
    'end' => '2018-10-08'
    '_' => '1537791904396'
]

$_COOKIE = [
    '_csrf' => '6fceb5beb5b86803b28e73ed99fdde1425a41a477ee0b74b1599ca375794ca19a:2:{i:0;s:5:\"_csrf\";i:1;s:32:\"IEJMAMmwUj03JrMIBrTnvimE9gFvVmwd\";}'
    'PHPSESSID' => '686d3727b1c4553f5ea6f4cc53775248'
]

$_SESSION = [
    '__flash' => []
    '__captcha/login/captcha' => 'terajf'
    '__captcha/login/captchacount' => 1
    '__id' => 74
]

$_SERVER = [
    'USER' => 'nobody'
    'HOME' => '/'
    'FCGI_ROLE' => 'RESPONDER'
    'SCRIPT_FILENAME' => '/usr/local/nginx/html/php_project/fjj_erp/web/index.php'
    'PATH_INFO' => '/crm/crm-plan-manage/plan-count'
    'QUERY_STRING' => 'staffCode=F1677929&start=2018-08-27&end=2018-10-08&_=1537791904396'
    'REQUEST_METHOD' => 'GET'
    'CONTENT_TYPE' => ''
    'CONTENT_LENGTH' => ''
    'SCRIPT_NAME' => '/index.php'
    'REQUEST_URI' => '/crm/crm-plan-manage/plan-count?staffCode=F1677929&start=2018-08-27&end=2018-10-08&_=1537791904396'
    'DOCUMENT_URI' => '/index.php/crm/crm-plan-manage/plan-count'
    'DOCUMENT_ROOT' => '/usr/local/nginx/html/php_project/fjj_erp/web'
    'SERVER_PROTOCOL' => 'HTTP/1.1'
    'REQUEST_SCHEME' => 'http'
    'GATEWAY_INTERFACE' => 'CGI/1.1'
    'SERVER_SOFTWARE' => 'nginx/1.14.0'
    'REMOTE_ADDR' => '172.21.0.1'
    'REMOTE_PORT' => '36070'
    'SERVER_ADDR' => '172.21.0.4'
    'SERVER_PORT' => '80'
    'SERVER_NAME' => 'localhost'
    'REDIRECT_STATUS' => '200'
    'HTTP_HOST' => '127.0.0.1'
    'HTTP_CONNECTION' => 'keep-alive'
    'HTTP_PRAGMA' => 'no-cache'
    'HTTP_CACHE_CONTROL' => 'no-cache'
    'HTTP_ACCEPT' => 'application/json, text/javascript, */*; q=0.01'
    'HTTP_X_REQUESTED_WITH' => 'XMLHttpRequest'
    'HTTP_USER_AGENT' => 'Mozilla/5.0 (X11; Linux x86_64) AppleWebKit/537.36 (KHTML, like Gecko) Chrome/69.0.3497.100 Safari/537.36'
    'HTTP_REFERER' => 'http://127.0.0.1/index/index'
    'HTTP_ACCEPT_ENCODING' => 'gzip, deflate, br'
    'HTTP_ACCEPT_LANGUAGE' => 'en-US,en;q=0.9,zh-CN;q=0.8,zh;q=0.7'
    'HTTP_COOKIE' => '_csrf=6fceb5beb5b86803b28e73ed99fdde1425a41a477ee0b74b1599ca375794ca19a%3A2%3A%7Bi%3A0%3Bs%3A5%3A%22_csrf%22%3Bi%3A1%3Bs%3A32%3A%22IEJMAMmwUj03JrMIBrTnvimE9gFvVmwd%22%3B%7D; PHPSESSID=686d3727b1c4553f5ea6f4cc53775248'
    'PHP_SELF' => '/index.php/crm/crm-plan-manage/plan-count'
    'REQUEST_TIME_FLOAT' => 1537791905.1216
    'REQUEST_TIME' => 1537791905
]
